[
    "100.blog.51cto.com",
    "0.blog.51cto.com",
    "002.blog.51cto.com",
    "10.blog.51cto.com",
    "1100lu.blog.51cto.com",
    "111.blog.51cto.com",
    "11.blog.51cto.com",
    "001.blog.51cto.com",
    "129979.blog.51cto.com",
    "15.blog.51cto.com",
    "123.blog.51cto.com",
    "16.blog.51cto.com",
    "1.blog.51cto.com",
    "13.blog.51cto.com",
    "14.blog.51cto.com",
    "17.blog.51cto.com",
    "163.blog.51cto.com",
    "168.blog.51cto.com",
    "19.blog.51cto.com",
    "2.blog.51cto.com",
    "20.blog.51cto.com",
    "2013.blog.51cto.com",
    "2012.blog.51cto.com",
    "2014.blog.51cto.com",
    "2015.blog.51cto.com",
    "222.blog.51cto.com",
    "22cn575615.blog.51cto.com",
    "21.blog.51cto.com",
    "120.blog.51cto.com",
    "2016.blog.51cto.com",
    "23.blog.51cto.com",
    "26uuu.blog.51cto.com",
    "26xe.blog.51cto.com",
    "27.blog.51cto.com",
    "101.blog.51cto.com",
    "114.blog.51cto.com",
    "28.blog.51cto.com",
    "3.blog.51cto.com",
    "18.blog.51cto.com",
    "300.blog.51cto.com",
    "31.blog.51cto.com",
    "30.blog.51cto.com",
    "315.blog.51cto.com",
    "32.blog.51cto.com",
    "33eee.blog.51cto.com",
    "34.blog.51cto.com",
    "35.blog.51cto.com",
    "21112.blog.51cto.com",
    "360.blog.51cto.com",
    "365.blog.51cto.com",
    "37.blog.51cto.com",
    "333.blog.51cto.com",
    "39.blog.51cto.com",
    "36.blog.51cto.com",
    "3d.blog.51cto.com",
    "3g.blog.51cto.com",
    "3gwww.blog.51cto.com",
    "3w.blog.51cto.com",
    "400.blog.51cto.com",
    "44.blog.51cto.com",
    "4444kk.blog.51cto.com",
    "4g.blog.51cto.com",
    "25.blog.51cto.com",
    "5.blog.51cto.com",
    "38.blog.51cto.com",
    "544qq.blog.51cto.com",
    "520.blog.51cto.com",
    "51.blog.51cto.com",
    "56.blog.51cto.com",
    "58.blog.51cto.com",
    "595688.blog.51cto.com",
    "5g.blog.51cto.com",
    "29.blog.51cto.com",
    "611vv.blog.51cto.com",
    "66.blog.51cto.com",
    "55.blog.51cto.com",
    "669139.blog.51cto.com",
    "6j.blog.51cto.com",
    "6s.blog.51cto.com",
    "7.blog.51cto.com",
    "77.blog.51cto.com",
    "33.blog.51cto.com",
    "777me.blog.51cto.com",
    "8.blog.51cto.com",
    "88.blog.51cto.com",
    "888.blog.51cto.com",
    "9.blog.51cto.com",
    "555.blog.51cto.com",
    "6.blog.51cto.com",
    "999.blog.51cto.com",
    "DNS2.blog.51cto.com",
    "Francais.blog.51cto.com",
    "IN.blog.51cto.com",
    "Quel.blog.51cto.com",
    "TEL.blog.51cto.com",
    "a.blog.51cto.com",
    "a1.blog.51cto.com",
    "a2.blog.51cto.com",
    "a3.blog.51cto.com",
    "a4.blog.51cto.com",
    "4.blog.51cto.com",
    "a8.blog.51cto.com",
    "a6.blog.51cto.com",
    "aaa.blog.51cto.com",
    "aa.blog.51cto.com",
    "777.blog.51cto.com",
    "ab.blog.51cto.com",
    "abc.blog.51cto.com",
    "about.blog.51cto.com",
    "ac.blog.51cto.com",
    "access.blog.51cto.com",
    "666.blog.51cto.com",
    "act.blog.51cto.com",
    "activity.blog.51cto.com",
    "account.blog.51cto.com",
    "adm.blog.51cto.com",
    "aaak7.blog.51cto.com",
    "99.blog.51cto.com",
    "ag.blog.51cto.com",
    "agent.blog.51cto.com",
    "ah.blog.51cto.com",
    "ai.blog.51cto.com",
    "admin.blog.51cto.com",
    "ad.blog.51cto.com",
    "al.blog.51cto.com",
    "ale.blog.51cto.com",
    "aks.blog.51cto.com",
    "aliyun.blog.51cto.com",
    "ads.blog.51cto.com",
    "aller.blog.51cto.com",
    "allons.blog.51cto.com",
    "ali.blog.51cto.com",
    "alt.blog.51cto.com",
    "all.blog.51cto.com",
    "am.blog.51cto.com",
    "amazon.blog.51cto.com",
    "android.blog.51cto.com",
    "anange.blog.51cto.com",
    "ankang.blog.51cto.com",
    "anqing.blog.51cto.com",
    "alsm.blog.51cto.com",
    "anshan.blog.51cto.com",
    "anshun.blog.51cto.com",
    "anyang.blog.51cto.com",
    "anquye.blog.51cto.com",
    "ap.blog.51cto.com",
    "api2.blog.51cto.com",
    "api.blog.51cto.com",
    "app.blog.51cto.com",
    "apple.blog.51cto.com",
    "apps.blog.51cto.com",
    "aq.blog.51cto.com",
    "apk.blog.51cto.com",
    "art.blog.51cto.com",
    "article.blog.51cto.com",
    "as.blog.51cto.com",
    "asd.blog.51cto.com"
]