[
    "001.blog.csdn.net",
    "0.blog.csdn.net",
    "10.blog.csdn.net",
    "111.blog.csdn.net",
    "123.blog.csdn.net",
    "120.blog.csdn.net",
    "12.blog.csdn.net",
    "1100lu.blog.csdn.net",
    "002.blog.csdn.net",
    "1111.blog.csdn.net",
    "14.blog.csdn.net",
    "01.blog.csdn.net",
    "129979.blog.csdn.net",
    "16.blog.csdn.net",
    "100.blog.csdn.net",
    "163.blog.csdn.net",
    "168.blog.csdn.net",
    "1.blog.csdn.net",
    "13.blog.csdn.net",
    "2.blog.csdn.net",
    "15.blog.csdn.net",
    "20.blog.csdn.net",
    "17.blog.csdn.net",
    "2013.blog.csdn.net",
    "180.blog.csdn.net",
    "2014.blog.csdn.net",
    "2012.blog.csdn.net",
    "2015.blog.csdn.net",
    "178896.blog.csdn.net",
    "18.blog.csdn.net",
    "114.blog.csdn.net",
    "19.blog.csdn.net",
    "21.blog.csdn.net",
    "2016.blog.csdn.net",
    "176.blog.csdn.net",
    "22eee.blog.csdn.net",
    "22.blog.csdn.net",
    "21112.blog.csdn.net",
    "101.blog.csdn.net",
    "25.blog.csdn.net",
    "222.blog.csdn.net",
    "28.blog.csdn.net",
    "24.blog.csdn.net",
    "29.blog.csdn.net",
    "26uuu.blog.csdn.net",
    "22cn575615.blog.csdn.net",
    "23.blog.csdn.net",
    "27.blog.csdn.net",
    "11.blog.csdn.net",
    "26.blog.csdn.net",
    "300.blog.csdn.net",
    "31.blog.csdn.net",
    "315.blog.csdn.net",
    "30.blog.csdn.net",
    "32.blog.csdn.net",
    "35.blog.csdn.net",
    "36.blog.csdn.net",
    "365.blog.csdn.net",
    "333.blog.csdn.net",
    "33.blog.csdn.net",
    "360.blog.csdn.net",
    "38.blog.csdn.net",
    "39.blog.csdn.net",
    "3g.blog.csdn.net",
    "3d.blog.csdn.net",
    "33eee.blog.csdn.net",
    "3gwww.blog.csdn.net",
    "400.blog.csdn.net",
    "34.blog.csdn.net",
    "4444kk.blog.csdn.net",
    "3.blog.csdn.net",
    "44.blog.csdn.net",
    "51.blog.csdn.net",
    "3w.blog.csdn.net",
    "58.blog.csdn.net",
    "520.blog.csdn.net",
    "5.blog.csdn.net",
    "4g.blog.csdn.net",
    "611vv.blog.csdn.net",
    "544qq.blog.csdn.net",
    "595688.blog.csdn.net",
    "55.blog.csdn.net",
    "6.blog.csdn.net",
    "5g.blog.csdn.net",
    "666.blog.csdn.net",
    "26xe.blog.csdn.net",
    "6j.blog.csdn.net",
    "66.blog.csdn.net",
    "56.blog.csdn.net",
    "37.blog.csdn.net",
    "7.blog.csdn.net",
    "77.blog.csdn.net",
    "88.blog.csdn.net",
    "9.blog.csdn.net",
    "99.blog.csdn.net",
    "999.blog.csdn.net",
    "DNS2.blog.csdn.net",
    "669139.blog.csdn.net",
    "6s.blog.csdn.net",
    "8.blog.csdn.net",
    "888.blog.csdn.net",
    "777.blog.csdn.net",
    "777me.blog.csdn.net",
    "Quel.blog.csdn.net",
    "a.blog.csdn.net",
    "Francais.blog.csdn.net",
    "IN.blog.csdn.net",
    "a5.blog.csdn.net",
    "a1.blog.csdn.net",
    "a3.blog.csdn.net",
    "a4.blog.csdn.net",
    "4.blog.csdn.net",
    "a8.blog.csdn.net",
    "aaa.blog.csdn.net",
    "TEL.blog.csdn.net",
    "aa.blog.csdn.net",
    "account.blog.csdn.net",
    "aal.blog.csdn.net",
    "abc.blog.csdn.net",
    "ac.blog.csdn.net",
    "555.blog.csdn.net",
    "adm.blog.csdn.net",
    "ad.blog.csdn.net",
    "a2.blog.csdn.net",
    "aaak7.blog.csdn.net",
    "admin.blog.csdn.net",
    "ads.blog.csdn.net",
    "ab.blog.csdn.net",
    "access.blog.csdn.net",
    "agent.blog.csdn.net",
    "about.blog.csdn.net",
    "act.blog.csdn.net",
    "al.blog.csdn.net",
    "activity.blog.csdn.net",
    "ah.blog.csdn.net",
    "ali.blog.csdn.net",
    "all.blog.csdn.net",
    "ai.blog.csdn.net",
    "ale.blog.csdn.net",
    "aks.blog.csdn.net",
    "android.blog.csdn.net",
    "amazon.blog.csdn.net",
    "a6.blog.csdn.net",
    "alt.blog.csdn.net",
    "alsm.blog.csdn.net",
    "allons.blog.csdn.net",
    "am.blog.csdn.net",
    "anange.blog.csdn.net",
    "anqing.blog.csdn.net",
    "ankang.blog.csdn.net",
    "anquye.blog.csdn.net",
    "anshun.blog.csdn.net",
    "anshan.blog.csdn.net",
    "api.blog.csdn.net",
    "api2.blog.csdn.net",
    "akesu.blog.csdn.net",
    "apple.blog.csdn.net",
    "aller.blog.csdn.net",
    "ar.blog.csdn.net",
    "apk.blog.csdn.net",
    "ask.blog.csdn.net",
    "art.blog.csdn.net",
    "asp.blog.csdn.net",
    "article.blog.csdn.net",
    "assets.blog.csdn.net",
    "as.blog.csdn.net",
    "av.blog.csdn.net",
    "auto.blog.csdn.net",
    "anyang.blog.csdn.net",
    "avantage.blog.csdn.net",
    "avatar.blog.csdn.net",
    "auth.blog.csdn.net",
    "ap.blog.csdn.net",
    "app.blog.csdn.net",
    "avxcl.blog.csdn.net",
    "annee.blog.csdn.net",
    "avec.blog.csdn.net",
    "apps.blog.csdn.net",
    "autodiscover.blog.csdn.net",
    "b2.blog.csdn.net",
    "asd.blog.csdn.net",
    "b1.blog.csdn.net",
    "ay.blog.csdn.net",
    "aq.blog.csdn.net",
    "aliyun.blog.csdn.net",
    "aws.blog.csdn.net",
    "baidu.blog.csdn.net",
    "ba.blog.csdn.net",
    "baby.blog.csdn.net",
    "baidu2.blog.csdn.net",
    "b2b.blog.csdn.net",
    "b3.blog.csdn.net",
    "backup.blog.csdn.net",
    "back.blog.csdn.net",
    "backend.blog.csdn.net",
    "baishan.blog.csdn.net",
    "baicheng.blog.csdn.net",
    "baidu1.blog.csdn.net",
    "ag.blog.csdn.net",
    "baisha.blog.csdn.net",
    "bao.blog.csdn.net",
    "baise.blog.csdn.net",
    "baike.blog.csdn.net",
    "baotou.blog.csdn.net",
    "baoshan.blog.csdn.net",
    "baoting.blog.csdn.net",
    "b.blog.csdn.net",
    "bazhong.blog.csdn.net",
    "baoding.blog.csdn.net",
    "base.blog.csdn.net",
    "baoji.blog.csdn.net",
    "baiyin.blog.csdn.net",
    "bd.blog.csdn.net",
    "bd123001.blog.csdn.net",
    "bb.blog.csdn.net",
    "beian.blog.csdn.net",
    "bd3g.blog.csdn.net",
    "beihai.blog.csdn.net",
    "bbs1.blog.csdn.net",
    "bdf.blog.csdn.net",
    "bdtb.blog.csdn.net",
    "bbs2.blog.csdn.net",
    "bbb.blog.csdn.net",
    "beau.blog.csdn.net",
    "betl.blog.csdn.net",
    "bh.blog.csdn.net",
    "bc.blog.csdn.net",
    "bbs.blog.csdn.net",
    "bengbu.blog.csdn.net",
    "biao.blog.csdn.net",
    "bijie.blog.csdn.net",
    "bf.blog.csdn.net",
    "beta.blog.csdn.net",
    "best.blog.csdn.net",
    "bi.blog.csdn.net",
    "bg.blog.csdn.net",
    "bhs.blog.csdn.net",
    "bit.blog.csdn.net",
    "bien.blog.csdn.net",
    "binzhou.blog.csdn.net",
    "blc.blog.csdn.net",
    "bj.blog.csdn.net",
    "bo.blog.csdn.net",
    "biz.blog.csdn.net",
    "bole.blog.csdn.net",
    "bak.blog.csdn.net",
    "bl.blog.csdn.net",
    "bk.blog.csdn.net",
    "bm.blog.csdn.net",
    "bai.blog.csdn.net",
    "blog.blog.csdn.net",
    "bons.blog.csdn.net",
    "boss.blog.csdn.net",
    "bn.blog.csdn.net",
    "bs.blog.csdn.net",
    "bozhou.blog.csdn.net",
    "business.blog.csdn.net",
    "book.blog.csdn.net",
    "buy.blog.csdn.net",
    "by.blog.csdn.net",
    "boutique.blog.csdn.net",
    "bxbg.blog.csdn.net",
    "beijing.blog.csdn.net",
    "bx.blog.csdn.net",
    "benxi.blog.csdn.net",
    "brand.blog.csdn.net",
    "bz.blog.csdn.net",
    "box.blog.csdn.net",
    "brandalley.blog.csdn.net",
    "bug.blog.csdn.net",
    "bzml.blog.csdn.net",
    "bonnes.blog.csdn.net",
    "ca.blog.csdn.net",
    "c3.blog.csdn.net",
    "cadeau.blog.csdn.net",
    "c.blog.csdn.net",
    "car.blog.csdn.net",
    "c1.blog.csdn.net",
    "c2.blog.csdn.net",
    "cache.blog.csdn.net",
    "cas.blog.csdn.net",
    "cb.blog.csdn.net",
    "call.blog.csdn.net",
    "card.blog.csdn.net",
    "bt.blog.csdn.net",
    "cc.blog.csdn.net",
    "cacti.blog.csdn.net",
    "ccc.blog.csdn.net",
    "calendar.blog.csdn.net",
    "cangzhou.blog.csdn.net",
    "cd.blog.csdn.net",
    "cai.blog.csdn.net",
    "certifiee.blog.csdn.net",
    "bygl.blog.csdn.net",
    "ce.blog.csdn.net",
    "cdn2.blog.csdn.net",
    "cddck.blog.csdn.net",
    "cg.blog.csdn.net",
    "cdn.blog.csdn.net",
    "cf.blog.csdn.net",
    "changdu.blog.csdn.net",
    "cdn1.blog.csdn.net",
    "changde.blog.csdn.net",
    "center.blog.csdn.net",
    "cdiscount.blog.csdn.net",
    "changchun.blog.csdn.net",
    "ch.blog.csdn.net",
    "ces.blog.csdn.net",
    "changjiang.blog.csdn.net",
    "cha.blog.csdn.net",
    "changsha.blog.csdn.net",
    "changzhi.blog.csdn.net",
    "changzhou.blog.csdn.net",
    "chaohu.blog.csdn.net",
    "carte.blog.csdn.net",
    "chaussures.blog.csdn.net",
    "cheap.blog.csdn.net",
    "chaoyang.blog.csdn.net",
    "changle.blog.csdn.net",
    "chat.blog.csdn.net",
    "changshu.blog.csdn.net",
    "changge.blog.csdn.net",
    "cher.blog.csdn.net",
    "chaozhou.blog.csdn.net",
    "chez.blog.csdn.net",
    "chibi.blog.csdn.net",
    "chengdu.blog.csdn.net",
    "chengde.blog.csdn.net",
    "chenzhou.blog.csdn.net",
    "chizhou.blog.csdn.net",
    "city.blog.csdn.net",
    "china.blog.csdn.net",
    "changji.blog.csdn.net",
    "check.blog.csdn.net",
    "chengmai.blog.csdn.net",
    "cixi.blog.csdn.net",
    "cj.blog.csdn.net",
    "ceshi.blog.csdn.net",
    "chongzuo.blog.csdn.net",
    "ck.blog.csdn.net",
    "ci.blog.csdn.net",
    "chuxiong.blog.csdn.net",
    "clients.blog.csdn.net",
    "cliquez.blog.csdn.net",
    "client.blog.csdn.net",
    "click.blog.csdn.net",
    "cjs168.blog.csdn.net",
    "chuzhou.blog.csdn.net",
    "club.blog.csdn.net",
    "cm1.blog.csdn.net",
    "cl.blog.csdn.net",
    "cnn.blog.csdn.net",
    "cloud.blog.csdn.net",
    "cn.blog.csdn.net",
    "cls.blog.csdn.net",
    "cnc.blog.csdn.net",
    "cms.blog.csdn.net",
    "com.blog.csdn.net",
    "comment.blog.csdn.net",
    "company.blog.csdn.net",
    "console.blog.csdn.net",
    "cool.blog.csdn.net",
    "config.blog.csdn.net",
    "chifeng.blog.csdn.net",
    "contact.blog.csdn.net",
    "cname.blog.csdn.net",
    "code.blog.csdn.net",
    "colis.blog.csdn.net",
    "crm.blog.csdn.net",
    "cps.blog.csdn.net",
    "cs.blog.csdn.net",
    "creditcard.blog.csdn.net",
    "conghua.blog.csdn.net",
    "corp.blog.csdn.net",
    "css.blog.csdn.net",
    "ct.blog.csdn.net",
    "cpanel.blog.csdn.net",
    "cp.blog.csdn.net",
    "cq.blog.csdn.net",
    "credit.blog.csdn.net",
    "cw.blog.csdn.net",
    "cy.blog.csdn.net",
    "count.blog.csdn.net",
    "commande.blog.csdn.net",
    "cz.blog.csdn.net",
    "d1.blog.csdn.net",
    "chongqing.blog.csdn.net",
    "da.blog.csdn.net",
    "cx.blog.csdn.net",
    "d.blog.csdn.net",
    "d2.blog.csdn.net",
    "dandong.blog.csdn.net",
    "d4.blog.csdn.net",
    "daily.blog.csdn.net",
    "d3.blog.csdn.net",
    "danmu.blog.csdn.net",
    "dafeng.blog.csdn.net",
    "daohang.blog.csdn.net",
    "dali.blog.csdn.net",
    "dalian.blog.csdn.net",
    "dataminer-telecom.blog.csdn.net",
    "data.blog.csdn.net",
    "danyang.blog.csdn.net",
    "dataminer-unicom.blog.csdn.net",
    "dates.blog.csdn.net",
    "daqing.blog.csdn.net",
    "dd.blog.csdn.net",
    "danzhou.blog.csdn.net",
    "demo1.blog.csdn.net",
    "demo.blog.csdn.net",
    "ddd.blog.csdn.net",
    "daili.blog.csdn.net",
    "deyang.blog.csdn.net",
    "dezhou.blog.csdn.net",
    "desk.blog.csdn.net",
    "dev.blog.csdn.net",
    "dingzhou.blog.csdn.net",
    "dazhou.blog.csdn.net",
    "dingan.blog.csdn.net",
    "dh.blog.csdn.net",
    "dc.blog.csdn.net",
    "disk.blog.csdn.net",
    "direct.blog.csdn.net",
    "db.blog.csdn.net",
    "df.blog.csdn.net",
    "diy.blog.csdn.net",
    "dl.blog.csdn.net",
    "dj.blog.csdn.net",
    "dk.blog.csdn.net",
    "dns1.blog.csdn.net",
    "dm.blog.csdn.net",
    "dn.blog.csdn.net",
    "docs.blog.csdn.net",
    "dg.blog.csdn.net",
    "do.blog.csdn.net",
    "dns.blog.csdn.net",
    "diqing.blog.csdn.net",
    "dilianbeian.blog.csdn.net",
    "datong.blog.csdn.net",
    "domain.blog.csdn.net",
    "dongguan.blog.csdn.net",
    "dlq.blog.csdn.net",
    "dongfang.blog.csdn.net",
    "down2.blog.csdn.net",
    "demo2.blog.csdn.net",
    "doc.blog.csdn.net",
    "dongying.blog.csdn.net",
    "download.blog.csdn.net",
    "de.blog.csdn.net",
    "dq.blog.csdn.net",
    "dongyang.blog.csdn.net",
    "down1.blog.csdn.net",
    "down.blog.csdn.net",
    "ds.blog.csdn.net",
    "economie.blog.csdn.net",
    "du.blog.csdn.net",
    "dw.blog.csdn.net",
    "ebay.blog.csdn.net",
    "ec.blog.csdn.net",
    "dz.blog.csdn.net",
    "dxal.blog.csdn.net",
    "easy.blog.csdn.net",
    "dy.blog.csdn.net",
    "edm.blog.csdn.net",
    "eerduosi.blog.csdn.net",
    "eee.blog.csdn.net",
    "email.blog.csdn.net",
    "cm.blog.csdn.net",
    "english.blog.csdn.net",
    "eel.blog.csdn.net",
    "ee.blog.csdn.net",
    "enterpriseenrollment.blog.csdn.net",
    "epg.blog.csdn.net",
    "dp.blog.csdn.net",
    "ent.blog.csdn.net",
    "eeuss.blog.csdn.net",
    "en.blog.csdn.net",
    "enshi.blog.csdn.net",
    "edu.blog.csdn.net",
    "enterpriseregistration.blog.csdn.net",
    "er.blog.csdn.net",
    "connect.blog.csdn.net",
    "event.blog.csdn.net",
    "em.blog.csdn.net",
    "est.blog.csdn.net",
    "ex.blog.csdn.net",
    "eq.blog.csdn.net",
    "es.blog.csdn.net",
    "dx.blog.csdn.net",
    "e.blog.csdn.net",
    "erds.blog.csdn.net",
    "exam.blog.csdn.net",
    "fang.blog.csdn.net",
    "f.blog.csdn.net",
    "exmail.blog.csdn.net",
    "fa.blog.csdn.net",
    "ez.blog.csdn.net",
    "f2.blog.csdn.net",
    "faire.blog.csdn.net",
    "ezhou.blog.csdn.net",
    "f1.blog.csdn.net",
    "fast.blog.csdn.net",
    "fb.blog.csdn.net",
    "fanli.blog.csdn.net",
    "faq.blog.csdn.net",
    "fcg.blog.csdn.net",
    "fd.blog.csdn.net",
    "fashion.blog.csdn.net",
    "ff.blog.csdn.net",
    "fff.blog.csdn.net",
    "fenxiao.blog.csdn.net",
    "fc.blog.csdn.net",
    "fenghua.blog.csdn.net",
    "feed.blog.csdn.net",
    "files.blog.csdn.net",
    "finance.blog.csdn.net",
    "fgey.blog.csdn.net",
    "fi.blog.csdn.net",
    "fangchenggang.blog.csdn.net",
    "fk.blog.csdn.net",
    "file.blog.csdn.net",
    "flash.blog.csdn.net",
    "fozhu.blog.csdn.net",
    "foshan.blog.csdn.net",
    "fr.blog.csdn.net",
    "flv.blog.csdn.net",
    "fh.blog.csdn.net",
    "fj.blog.csdn.net",
    "fladmin.blog.csdn.net",
    "fnac.blog.csdn.net",
    "food.blog.csdn.net",
    "fm.blog.csdn.net",
    "fl.blog.csdn.net",
    "forum.blog.csdn.net",
    "focus.blog.csdn.net",
    "frais.blog.csdn.net",
    "france.blog.csdn.net",
    "fs.blog.csdn.net",
    "erp.blog.csdn.net",
    "free.blog.csdn.net",
    "fun.blog.csdn.net",
    "fuck.blog.csdn.net",
    "fushun.blog.csdn.net",
    "fuyang.blog.csdn.net",
    "fuzhou.blog.csdn.net",
    "g1.blog.csdn.net",
    "fuke.blog.csdn.net",
    "fw.blog.csdn.net",
    "ft.blog.csdn.net",
    "g.blog.csdn.net",
    "fuxin.blog.csdn.net",
    "g2.blog.csdn.net",
    "dt.blog.csdn.net",
    "fx.blog.csdn.net",
    "fy.blog.csdn.net",
    "fz.blog.csdn.net",
    "fuqing.blog.csdn.net",
    "g3.blog.csdn.net",
    "ga.blog.csdn.net",
    "game.blog.csdn.net",
    "gc.blog.csdn.net",
    "gengxin.blog.csdn.net",
    "ganzi.blog.csdn.net",
    "games.blog.csdn.net",
    "gansu.blog.csdn.net",
    "ftp.blog.csdn.net",
    "fund.blog.csdn.net",
    "g5.blog.csdn.net",
    "galerieslafayette.blog.csdn.net",
    "gf.blog.csdn.net",
    "garden.blog.csdn.net",
    "gd.blog.csdn.net",
    "gb.blog.csdn.net",
    "gi.blog.csdn.net",
    "gh.blog.csdn.net",
    "gitlab.blog.csdn.net",
    "gk.blog.csdn.net",
    "gg.blog.csdn.net",
    "gm.blog.csdn.net",
    "global.blog.csdn.net",
    "gl.blog.csdn.net",
    "ggg.blog.csdn.net",
    "gmarket.blog.csdn.net",
    "gj.blog.csdn.net",
    "git.blog.csdn.net",
    "gov.blog.csdn.net",
    "go.blog.csdn.net",
    "green.blog.csdn.net",
    "gratuit.blog.csdn.net",
    "gps.blog.csdn.net",
    "group.blog.csdn.net",
    "gongyi.blog.csdn.net",
    "gt.blog.csdn.net",
    "guangan.blog.csdn.net",
    "gn.blog.csdn.net",
    "guilin.blog.csdn.net",
    "good.blog.csdn.net",
    "google.blog.csdn.net",
    "guigang.blog.csdn.net",
    "guanli.blog.csdn.net",
    "guide.blog.csdn.net",
    "ganzhou.blog.csdn.net",
    "gs.blog.csdn.net",
    "guangyuan.blog.csdn.net",
    "guizhou.blog.csdn.net",
    "guyuan.blog.csdn.net",
    "gslb-mmtrix.blog.csdn.net",
    "gz.blog.csdn.net",
    "guiyang.blog.csdn.net",
    "guangzhou.blog.csdn.net",
    "h.blog.csdn.net",
    "gw.blog.csdn.net",
    "h5.blog.csdn.net",
    "gx.blog.csdn.net",
    "ha.blog.csdn.net",
    "h1.blog.csdn.net",
    "gy.blog.csdn.net",
    "hami.blog.csdn.net",
    "haikou.blog.csdn.net",
    "haidong.blog.csdn.net",
    "hao123.blog.csdn.net",
    "handan.blog.csdn.net",
    "haibei.blog.csdn.net",
    "hainan.blog.csdn.net",
    "hd.blog.csdn.net",
    "hc.blog.csdn.net",
    "guoluo.blog.csdn.net",
    "haoleav.blog.csdn.net",
    "hebei.blog.csdn.net",
    "hb.blog.csdn.net",
    "hebi.blog.csdn.net",
    "health.blog.csdn.net",
    "he.blog.csdn.net",
    "hao.blog.csdn.net",
    "hengyang.blog.csdn.net",
    "hefei.blog.csdn.net",
    "hefeng.blog.csdn.net",
    "hengshui.blog.csdn.net",
    "henhenlu.blog.csdn.net",
    "heihe.blog.csdn.net",
    "henan.blog.csdn.net",
    "help.blog.csdn.net",
    "hangzhou.blog.csdn.net",
    "heyuan.blog.csdn.net",
    "haicheng.blog.csdn.net",
    "hh.blog.csdn.net",
    "hexian.blog.csdn.net",
    "gp.blog.csdn.net",
    "hetian.blog.csdn.net",
    "heze.blog.csdn.net",
    "hhs.blog.csdn.net",
    "hanzhong.blog.csdn.net",
    "hi.blog.csdn.net",
    "hf.blog.csdn.net",
    "haerbin.blog.csdn.net",
    "hegang.blog.csdn.net",
    "hj.blog.csdn.net",
    "hg.blog.csdn.net",
    "hezhou.blog.csdn.net",
    "hhh.blog.csdn.net",
    "hhl.blog.csdn.net",
    "hlbe.blog.csdn.net",
    "hld.blog.csdn.net",
    "hl.blog.csdn.net",
    "haining.blog.csdn.net",
    "hnh.blog.csdn.net",
    "hnzz.blog.csdn.net",
    "home.blog.csdn.net",
    "honghe.blog.csdn.net",
    "hk1.blog.csdn.net",
    "hk2.blog.csdn.net",
    "hm.blog.csdn.net",
    "host.blog.csdn.net",
    "hn.blog.csdn.net",
    "host1.blog.csdn.net",
    "hlr.blog.csdn.net",
    "host2.blog.csdn.net",
    "hot.blog.csdn.net",
    "hr.blog.csdn.net",
    "hs.blog.csdn.net",
    "hotel.blog.csdn.net",
    "house.blog.csdn.net",
    "huaian.blog.csdn.net",
    "houtai.blog.csdn.net",
    "history.blog.csdn.net",
    "hu.blog.csdn.net",
    "ht.blog.csdn.net",
    "hk.blog.csdn.net",
    "hshi.blog.csdn.net",
    "huaihua.blog.csdn.net",
    "huaibei.blog.csdn.net",
    "hrb.blog.csdn.net",
    "html.blog.csdn.net",
    "huanggang.blog.csdn.net",
    "hubei.blog.csdn.net",
    "hq.blog.csdn.net",
    "huainan.blog.csdn.net",
    "huodong.blog.csdn.net",
    "huangshan.blog.csdn.net",
    "hwpop.blog.csdn.net",
    "huangnan.blog.csdn.net",
    "hp.blog.csdn.net",
    "huizhou.blog.csdn.net",
    "hlj.blog.csdn.net",
    "huzhou.blog.csdn.net",
    "hunan.blog.csdn.net",
    "huangshi.blog.csdn.net",
    "huludao.blog.csdn.net",
    "hz.blog.csdn.net",
    "i.blog.csdn.net",
    "i2.blog.csdn.net",
    "hw.blog.csdn.net",
    "hy.blog.csdn.net",
    "hwsmtp.blog.csdn.net",
    "iask.blog.csdn.net",
    "hx.blog.csdn.net",
    "images.blog.csdn.net",
    "img.blog.csdn.net",
    "icloud.blog.csdn.net",
    "i1.blog.csdn.net",
    "id.blog.csdn.net",
    "huhehaote.blog.csdn.net",
    "imap.blog.csdn.net",
    "ie.blog.csdn.net",
    "img01.blog.csdn.net",
    "img2.blog.csdn.net",
    "image.blog.csdn.net",
    "images2.blog.csdn.net",
    "img3.blog.csdn.net",
    "idc.blog.csdn.net",
    "im.blog.csdn.net",
    "img6.blog.csdn.net",
    "ios.blog.csdn.net",
    "img1.blog.csdn.net",
    "img4.blog.csdn.net",
    "interface.blog.csdn.net",
    "info.blog.csdn.net",
    "img0.blog.csdn.net",
    "importants.blog.csdn.net",
    "img5.blog.csdn.net",
    "ipv6.blog.csdn.net",
    "ismart.blog.csdn.net",
    "index.blog.csdn.net",
    "img8.blog.csdn.net",
    "jc.blog.csdn.net",
    "it.blog.csdn.net",
    "ip.blog.csdn.net",
    "item.blog.csdn.net",
    "iwap.blog.csdn.net",
    "jcc.blog.csdn.net",
    "jd.blog.csdn.net",
    "imgs.blog.csdn.net",
    "j.blog.csdn.net",
    "iphone.blog.csdn.net",
    "jdz.blog.csdn.net",
    "jb.blog.csdn.net",
    "jhs.blog.csdn.net",
    "ja.blog.csdn.net",
    "jf.blog.csdn.net",
    "img7.blog.csdn.net",
    "jian.blog.csdn.net",
    "jiangxi.blog.csdn.net",
    "jiangyin.blog.csdn.net",
    "jenkins.blog.csdn.net",
    "jiangyan.blog.csdn.net",
    "jennyfer.blog.csdn.net",
    "jia.blog.csdn.net",
    "jiaju.blog.csdn.net",
    "jiamusi.blog.csdn.net",
    "jiaxing.blog.csdn.net",
    "jiangmen.blog.csdn.net",
    "jingdezhen.blog.csdn.net",
    "jiankang.blog.csdn.net",
    "jinchang.blog.csdn.net",
    "jincheng.blog.csdn.net",
    "jiaozuo.blog.csdn.net",
    "jimo.blog.csdn.net",
    "jingmen.blog.csdn.net",
    "jinzhong.blog.csdn.net",
    "jinzhou.blog.csdn.net",
    "jintan.blog.csdn.net",
    "jingzhou.blog.csdn.net",
    "jinhua.blog.csdn.net",
    "jiujiang.blog.csdn.net",
    "jixi.blog.csdn.net",
    "jining.blog.csdn.net",
    "jilin.blog.csdn.net",
    "jizz.blog.csdn.net",
    "jinan.blog.csdn.net",
    "jira.blog.csdn.net",
    "jiuquan.blog.csdn.net",
    "jiyuan.blog.csdn.net",
    "jinjiang.blog.csdn.net",
    "jjj.blog.csdn.net",
    "jiangsu.blog.csdn.net",
    "jm.blog.csdn.net",
    "jq.blog.csdn.net",
    "jr.blog.csdn.net",
    "jp.blog.csdn.net",
    "jk.blog.csdn.net",
    "jh.blog.csdn.net",
    "jt.blog.csdn.net",
    "jump.blog.csdn.net",
    "jl.blog.csdn.net",
    "jj.blog.csdn.net",
    "jn.blog.csdn.net",
    "jusqu.blog.csdn.net",
    "jms.blog.csdn.net",
    "js.blog.csdn.net",
    "jx.blog.csdn.net",
    "jz.blog.csdn.net",
    "jslverify.blog.csdn.net",
    "job.blog.csdn.net",
    "kaifeng.blog.csdn.net",
    "jy.blog.csdn.net",
    "jyg.blog.csdn.net",
    "juventus.blog.csdn.net",
    "kaili.blog.csdn.net",
    "kefu.blog.csdn.net",
    "kel.blog.csdn.net",
    "ka.blog.csdn.net",
    "kc.blog.csdn.net",
    "kaiyuan.blog.csdn.net",
    "kb.blog.csdn.net",
    "kelamayi.blog.csdn.net",
    "kl.blog.csdn.net",
    "kh.blog.csdn.net",
    "kj.blog.csdn.net",
    "kkk.blog.csdn.net",
    "klj.blog.csdn.net",
    "kf.blog.csdn.net",
    "kk44kk.blog.csdn.net",
    "jw.blog.csdn.net",
    "kk.blog.csdn.net",
    "lab.blog.csdn.net",
    "k.blog.csdn.net",
    "kzls.blog.csdn.net",
    "kq.blog.csdn.net",
    "kunshan.blog.csdn.net",
    "lady.blog.csdn.net",
    "klmy.blog.csdn.net",
    "lai.blog.csdn.net",
    "la.blog.csdn.net",
    "km.blog.csdn.net",
    "laibin.blog.csdn.net",
    "ks.blog.csdn.net",
    "kunming.blog.csdn.net",
    "laizhou.blog.csdn.net",
    "le.blog.csdn.net",
    "langfang.blog.csdn.net",
    "laredoute.blog.csdn.net",
    "l.blog.csdn.net",
    "lanzhou.blog.csdn.net",
    "ld.blog.csdn.net",
    "les.blog.csdn.net",
    "leche.blog.csdn.net",
    "laiwu.blog.csdn.net",
    "leshan.blog.csdn.net",
    "lg.blog.csdn.net",
    "learning.blog.csdn.net",
    "lh.blog.csdn.net",
    "lf.blog.csdn.net",
    "ledong.blog.csdn.net",
    "lc.blog.csdn.net",
    "laifeng.blog.csdn.net",
    "lhzs.blog.csdn.net",
    "lianyungang.blog.csdn.net",
    "kuerle.blog.csdn.net",
    "kt.blog.csdn.net",
    "lasa.blog.csdn.net",
    "liaoyuan.blog.csdn.net",
    "light.blog.csdn.net",
    "kr.blog.csdn.net",
    "liaoyang.blog.csdn.net",
    "liaocheng.blog.csdn.net",
    "lincang.blog.csdn.net",
    "line.blog.csdn.net",
    "linfen.blog.csdn.net",
    "lichuan.blog.csdn.net",
    "lingbao.blog.csdn.net",
    "lhc.blog.csdn.net",
    "lib.blog.csdn.net",
    "lingshui.blog.csdn.net",
    "linan.blog.csdn.net",
    "lb.blog.csdn.net",
    "life.blog.csdn.net",
    "link.blog.csdn.net",
    "linyixian.blog.csdn.net",
    "linyi.blog.csdn.net",
    "liaoning.blog.csdn.net",
    "linzhi.blog.csdn.net",
    "lishui.blog.csdn.net",
    "lingao.blog.csdn.net",
    "liuan.blog.csdn.net",
    "livraison.blog.csdn.net",
    "ll.blog.csdn.net",
    "linxia.blog.csdn.net",
    "linode.blog.csdn.net",
    "lijiang.blog.csdn.net",
    "liupanshui.blog.csdn.net",
    "lm.blog.csdn.net",
    "list.blog.csdn.net",
    "lj.blog.csdn.net",
    "liuzhou.blog.csdn.net",
    "liyang.blog.csdn.net",
    "lingcang.blog.csdn.net",
    "lls.blog.csdn.net",
    "long.blog.csdn.net",
    "log.blog.csdn.net",
    "ln.blog.csdn.net",
    "load.blog.csdn.net",
    "login.blog.csdn.net",
    "lotto.blog.csdn.net",
    "lol.blog.csdn.net",
    "local.blog.csdn.net",
    "love.blog.csdn.net",
    "loudi.blog.csdn.net",
    "ls.blog.csdn.net",
    "localhost.blog.csdn.net",
    "luohe.blog.csdn.net",
    "looks.blog.csdn.net",
    "lv.blog.csdn.net",
    "lx.blog.csdn.net",
    "lt.blog.csdn.net",
    "lvliang.blog.csdn.net",
    "lw.blog.csdn.net",
    "lyg.blog.csdn.net",
    "luoyang.blog.csdn.net",
    "m.blog.csdn.net",
    "m3.blog.csdn.net",
    "m5.blog.csdn.net",
    "m4.blog.csdn.net",
    "lps.blog.csdn.net",
    "ma.blog.csdn.net",
    "m2.blog.csdn.net",
    "m1.blog.csdn.net",
    "luzhou.blog.csdn.net",
    "longyan.blog.csdn.net",
    "lvyou.blog.csdn.net",
    "mail2.blog.csdn.net",
    "lz.blog.csdn.net",
    "mail12.blog.csdn.net",
    "maanshan.blog.csdn.net",
    "mac.blog.csdn.net",
    "lyncdiscover.blog.csdn.net",
    "live.blog.csdn.net",
    "mail11.blog.csdn.net",
    "mail4.blog.csdn.net",
    "ly.blog.csdn.net",
    "mail1.blog.csdn.net",
    "mail8.blog.csdn.net",
    "mail6.blog.csdn.net",
    "mail13.blog.csdn.net",
    "main.blog.csdn.net",
    "man.blog.csdn.net",
    "manage.blog.csdn.net",
    "mango.blog.csdn.net",
    "mail3.blog.csdn.net",
    "mail5.blog.csdn.net",
    "manager.blog.csdn.net",
    "map.blog.csdn.net",
    "maka.blog.csdn.net",
    "mall.blog.csdn.net",
    "maoming.blog.csdn.net",
    "mail9.blog.csdn.net",
    "market.blog.csdn.net",
    "mc.blog.csdn.net",
    "mail10.blog.csdn.net",
    "mdj.blog.csdn.net",
    "master.blog.csdn.net",
    "maps.blog.csdn.net",
    "mb.blog.csdn.net",
    "md.blog.csdn.net",
    "meet.blog.csdn.net",
    "max.blog.csdn.net",
    "meeting.blog.csdn.net",
    "meinv.blog.csdn.net",
    "me.blog.csdn.net",
    "marques.blog.csdn.net",
    "mail7.blog.csdn.net",
    "message.blog.csdn.net",
    "meishan.blog.csdn.net",
    "meishi.blog.csdn.net",
    "member.blog.csdn.net",
    "media.blog.csdn.net",
    "metronews.blog.csdn.net",
    "meizhou.blog.csdn.net",
    "mim.blog.csdn.net",
    "mini.blog.csdn.net",
    "mianyang.blog.csdn.net",
    "mj.blog.csdn.net",
    "mas.blog.csdn.net",
    "meizu.blog.csdn.net",
    "mino.blog.csdn.net",
    "mi.blog.csdn.net",
    "mf.blog.csdn.net",
    "mil.blog.csdn.net",
    "mh.blog.csdn.net",
    "mir.blog.csdn.net",
    "mm.blog.csdn.net",
    "missguidedfr.blog.csdn.net",
    "mn.blog.csdn.net",
    "mob.blog.csdn.net",
    "mobi.blog.csdn.net",
    "mobile.blog.csdn.net",
    "mkt.blog.csdn.net",
    "mms.blog.csdn.net",
    "mk.blog.csdn.net",
    "money.blog.csdn.net",
    "model.blog.csdn.net",
    "mmm.blog.csdn.net",
    "ml.blog.csdn.net",
    "modes.blog.csdn.net",
    "mo.blog.csdn.net",
    "mmmm.blog.csdn.net",
    "moins.blog.csdn.net",
    "mr.blog.csdn.net",
    "moyen.blog.csdn.net",
    "mp.blog.csdn.net",
    "mu.blog.csdn.net",
    "mudanjiang.blog.csdn.net",
    "monitor.blog.csdn.net",
    "movie.blog.csdn.net",
    "mpingpong.blog.csdn.net",
    "music.blog.csdn.net",
    "mt.blog.csdn.net",
    "msoid.blog.csdn.net",
    "mx1.blog.csdn.net",
    "mx.blog.csdn.net",
    "msg.blog.csdn.net",
    "mx2.blog.csdn.net",
    "mv.blog.csdn.net",
    "mz.blog.csdn.net",
    "my.blog.csdn.net",
    "nanan.blog.csdn.net",
    "mvip88888.blog.csdn.net",
    "nanchang.blog.csdn.net",
    "n.blog.csdn.net",
    "nanke.blog.csdn.net",
    "nanchong.blog.csdn.net",
    "nanjing.blog.csdn.net",
    "mp3.blog.csdn.net",
    "nanyang.blog.csdn.net",
    "mysql.blog.csdn.net",
    "ms.blog.csdn.net",
    "nanping.blog.csdn.net",
    "neijiang.blog.csdn.net",
    "net.blog.csdn.net",
    "new.blog.csdn.net",
    "news.blog.csdn.net",
    "nanning.blog.csdn.net",
    "mg.blog.csdn.net",
    "ningbo.blog.csdn.net",
    "nb.blog.csdn.net",
    "nba.blog.csdn.net",
    "ningde.blog.csdn.net",
    "nas.blog.csdn.net",
    "nd.blog.csdn.net",
    "nexus.blog.csdn.net",
    "nk.blog.csdn.net",
    "nm.blog.csdn.net",
    "note.blog.csdn.net",
    "now.blog.csdn.net",
    "nn.blog.csdn.net",
    "nantong.blog.csdn.net",
    "nq.blog.csdn.net",
    "notice.blog.csdn.net",
    "nmg.blog.csdn.net",
    "ns2.blog.csdn.net",
    "ns1.blog.csdn.net",
    "no.blog.csdn.net",
    "nl.blog.csdn.net",
    "newsletter.blog.csdn.net",
    "notify.blog.csdn.net",
    "nc.blog.csdn.net",
    "nt.blog.csdn.net",
    "ns3.blog.csdn.net",
    "nz.blog.csdn.net",
    "o2o.blog.csdn.net",
    "ny.blog.csdn.net",
    "office.blog.csdn.net",
    "ok.blog.csdn.net",
    "old.blog.csdn.net",
    "on.blog.csdn.net",
    "one.blog.csdn.net",
    "offerts.blog.csdn.net",
    "online.blog.csdn.net",
    "open.blog.csdn.net",
    "order.blog.csdn.net",
    "os.blog.csdn.net",
    "op.blog.csdn.net",
    "oss.blog.csdn.net",
    "ns.blog.csdn.net",
    "oa.blog.csdn.net",
    "nj.blog.csdn.net",
    "p2.blog.csdn.net",
    "outlet.blog.csdn.net",
    "nt168.blog.csdn.net",
    "p.blog.csdn.net",
    "p3.blog.csdn.net",
    "np.blog.csdn.net",
    "nx.blog.csdn.net",
    "o.blog.csdn.net",
    "pan.blog.csdn.net",
    "p1.blog.csdn.net",
    "p2p.blog.csdn.net",
    "panzhihua.blog.csdn.net",
    "openapi.blog.csdn.net",
    "panjin.blog.csdn.net",
    "pantalon.blog.csdn.net",
    "ns4.blog.csdn.net",
    "panier.blog.csdn.net",
    "pay2.blog.csdn.net",
    "passport.blog.csdn.net",
    "nujiang.blog.csdn.net",
    "partner.blog.csdn.net",
    "pdf.blog.csdn.net",
    "payment.blog.csdn.net",
    "payer.blog.csdn.net",
    "pay1.blog.csdn.net",
    "peu.blog.csdn.net",
    "peut.blog.csdn.net",
    "peixun.blog.csdn.net",
    "photo.blog.csdn.net",
    "php.blog.csdn.net",
    "pds.blog.csdn.net",
    "phone.blog.csdn.net",
    "pi.blog.csdn.net",
    "pe.blog.csdn.net",
    "pic.blog.csdn.net",
    "pic1.blog.csdn.net",
    "penglai.blog.csdn.net",
    "pf.blog.csdn.net",
    "pingdingshan.blog.csdn.net",
    "pinghu.blog.csdn.net",
    "pingdu.blog.csdn.net",
    "phpmyadmin.blog.csdn.net",
    "pc.blog.csdn.net",
    "park.blog.csdn.net",
    "pingxiang.blog.csdn.net",
    "pili-zeus.blog.csdn.net",
    "pinglun.blog.csdn.net",
    "pl.blog.csdn.net",
    "pic2.blog.csdn.net",
    "pk.blog.csdn.net",
    "play.blog.csdn.net",
    "pma.blog.csdn.net",
    "pms.blog.csdn.net",
    "pod.blog.csdn.net",
    "pm.blog.csdn.net",
    "pop.blog.csdn.net",
    "pay.blog.csdn.net",
    "pingpong.blog.csdn.net",
    "pj.blog.csdn.net",
    "portal.blog.csdn.net",
    "pld.blog.csdn.net",
    "pour.blog.csdn.net",
    "pro.blog.csdn.net",
    "product.blog.csdn.net",
    "pos.blog.csdn.net",
    "pingliang.blog.csdn.net",
    "promod.blog.csdn.net",
    "profitez.blog.csdn.net",
    "prix.blog.csdn.net",
    "pr.blog.csdn.net",
    "pp.blog.csdn.net",
    "promotions.blog.csdn.net",
    "propos.blog.csdn.net",
    "plaisir.blog.csdn.net",
    "project.blog.csdn.net",
    "ps.blog.csdn.net",
    "promos.blog.csdn.net",
    "push.blog.csdn.net",
    "pub.blog.csdn.net",
    "pure.blog.csdn.net",
    "public.blog.csdn.net",
    "putian.blog.csdn.net",
    "post.blog.csdn.net",
    "putizi.blog.csdn.net",
    "px.blog.csdn.net",
    "produits.blog.csdn.net",
    "pt.blog.csdn.net",
    "q.blog.csdn.net",
    "q3.blog.csdn.net",
    "qa.blog.csdn.net",
    "puyang.blog.csdn.net",
    "putizipifa.blog.csdn.net",
    "proxy.blog.csdn.net",
    "qdn.blog.csdn.net",
    "jingjiang.blog.csdn.net",
    "qb.blog.csdn.net",
    "pop3.blog.csdn.net",
    "qidong.blog.csdn.net",
    "qingdao.blog.csdn.net",
    "qg.blog.csdn.net",
    "qh.blog.csdn.net",
    "qdf.blog.csdn.net",
    "qianjiang.blog.csdn.net",
    "qingxu.blog.csdn.net",
    "py.blog.csdn.net",
    "q1.blog.csdn.net",
    "qiannan.blog.csdn.net",
    "qingyuan.blog.csdn.net",
    "qitaihe.blog.csdn.net",
    "qingzhou.blog.csdn.net",
    "qingyang.blog.csdn.net",
    "qd.blog.csdn.net",
    "qhd.blog.csdn.net",
    "qinhuangdao.blog.csdn.net",
    "qiye.blog.csdn.net",
    "qionghai.blog.csdn.net",
    "qj.blog.csdn.net",
    "qm.blog.csdn.net",
    "q2.blog.csdn.net",
    "qiongzhong.blog.csdn.net",
    "qiqihaer.blog.csdn.net",
    "qn.blog.csdn.net",
    "qq.blog.csdn.net",
    "quiz.blog.csdn.net",
    "quanzhou.blog.csdn.net",
    "quan.blog.csdn.net",
    "qc.blog.csdn.net",
    "quiz1.blog.csdn.net",
    "qs.blog.csdn.net",
    "qth.blog.csdn.net",
    "qp.blog.csdn.net",
    "quiz10.blog.csdn.net",
    "qqq.blog.csdn.net",
    "quiz13.blog.csdn.net",
    "quiz14.blog.csdn.net",
    "quiz11.blog.csdn.net",
    "quiz17.blog.csdn.net",
    "quiz18.blog.csdn.net",
    "quiz2.blog.csdn.net",
    "qqhr.blog.csdn.net",
    "quiz15.blog.csdn.net",
    "quiz12.blog.csdn.net",
    "qt.blog.csdn.net",
    "quiz3.blog.csdn.net",
    "quiz16.blog.csdn.net",
    "quhui.blog.csdn.net",
    "quiz19.blog.csdn.net",
    "quiz20.blog.csdn.net",
    "qwe.blog.csdn.net",
    "quiz88.blog.csdn.net",
    "quiz9.blog.csdn.net",
    "qualite.blog.csdn.net",
    "quiz6.blog.csdn.net",
    "qujing.blog.csdn.net",
    "qxn.blog.csdn.net",
    "quiz7.blog.csdn.net",
    "quiz4.blog.csdn.net",
    "quzhou.blog.csdn.net",
    "qxw.blog.csdn.net",
    "qx.blog.csdn.net",
    "qinzhou.blog.csdn.net",
    "quiz8.blog.csdn.net",
    "qy.blog.csdn.net",
    "quiz5.blog.csdn.net",
    "rabais.blog.csdn.net",
    "radio.blog.csdn.net",
    "reg.blog.csdn.net",
    "rd.blog.csdn.net",
    "reduits.blog.csdn.net",
    "resource.blog.csdn.net",
    "rc.blog.csdn.net",
    "report.blog.csdn.net",
    "resources.blog.csdn.net",
    "reductions.blog.csdn.net",
    "redmine.blog.csdn.net",
    "rikaze.blog.csdn.net",
    "review.blog.csdn.net",
    "rizhao.blog.csdn.net",
    "r.blog.csdn.net",
    "read.blog.csdn.net",
    "rj.blog.csdn.net",
    "rrr.blog.csdn.net",
    "rkz.blog.csdn.net",
    "res.blog.csdn.net",
    "room.blog.csdn.net",
    "rss.blog.csdn.net",
    "ruian.blog.csdn.net",
    "qz.blog.csdn.net",
    "s1.blog.csdn.net",
    "ru.blog.csdn.net",
    "s.blog.csdn.net",
    "s3.blog.csdn.net",
    "rz.blog.csdn.net",
    "s5.blog.csdn.net",
    "s4.blog.csdn.net",
    "s8.blog.csdn.net",
    "saison.blog.csdn.net",
    "safe.blog.csdn.net",
    "s6.blog.csdn.net",
    "s9.blog.csdn.net",
    "sa.blog.csdn.net",
    "sale.blog.csdn.net",
    "s0.blog.csdn.net",
    "sanya.blog.csdn.net",
    "sales.blog.csdn.net",
    "sanmenxia.blog.csdn.net",
    "sb.blog.csdn.net",
    "sarenza.blog.csdn.net",
    "sctrack.blog.csdn.net",
    "sc.blog.csdn.net",
    "rs.blog.csdn.net",
    "satisfait.blog.csdn.net",
    "sd.blog.csdn.net",
    "s7.blog.csdn.net",
    "school.blog.csdn.net",
    "sanming.blog.csdn.net",
    "scnj.blog.csdn.net",
    "se.blog.csdn.net",
    "sansha.blog.csdn.net",
    "sendmail.blog.csdn.net",
    "rl.blog.csdn.net",
    "rtx.blog.csdn.net",
    "rugao.blog.csdn.net",
    "server2.blog.csdn.net",
    "service.blog.csdn.net",
    "sdk.blog.csdn.net",
    "server.blog.csdn.net",
    "sex.blog.csdn.net",
    "s2.blog.csdn.net",
    "search.blog.csdn.net",
    "sense.blog.csdn.net",
    "securise.blog.csdn.net",
    "server1.blog.csdn.net",
    "sh.blog.csdn.net",
    "send.blog.csdn.net",
    "shaanxi.blog.csdn.net",
    "seo.blog.csdn.net",
    "shanghai.blog.csdn.net",
    "shangqiu.blog.csdn.net",
    "services.blog.csdn.net",
    "shaoguan.blog.csdn.net",
    "shantou.blog.csdn.net",
    "shangyu.blog.csdn.net",
    "sf.blog.csdn.net",
    "shaoxing.blog.csdn.net",
    "shangrao.blog.csdn.net",
    "shandong.blog.csdn.net",
    "sg.blog.csdn.net",
    "shanxi.blog.csdn.net",
    "shenyang.blog.csdn.net",
    "shenzhen.blog.csdn.net",
    "shihezi.blog.csdn.net",
    "shangluo.blog.csdn.net",
    "shaoyang.blog.csdn.net",
    "shijiazhuang.blog.csdn.net",
    "shiyan.blog.csdn.net",
    "shuangyashan.blog.csdn.net",
    "shishi.blog.csdn.net",
    "share.blog.csdn.net",
    "shz.blog.csdn.net",
    "sharp.blog.csdn.net",
    "shouji.blog.csdn.net",
    "site.blog.csdn.net",
    "shouguang.blog.csdn.net",
    "sina.blog.csdn.net",
    "siping.blog.csdn.net",
    "sitemap.blog.csdn.net",
    "shuozhou.blog.csdn.net",
    "simao.blog.csdn.net",
    "smart.blog.csdn.net",
    "sip.blog.csdn.net",
    "sk.blog.csdn.net",
    "sjlp.blog.csdn.net",
    "sites.blog.csdn.net",
    "sl.blog.csdn.net",
    "smtp.blog.csdn.net",
    "sj.blog.csdn.net",
    "sms.blog.csdn.net",
    "snj.blog.csdn.net",
    "sogou.blog.csdn.net",
    "sn.blog.csdn.net",
    "sns.blog.csdn.net",
    "solde.blog.csdn.net",
    "show.blog.csdn.net",
    "soft.blog.csdn.net",
    "shop.blog.csdn.net",
    "songyuan.blog.csdn.net",
    "sont.blog.csdn.net",
    "soldes.blog.csdn.net",
    "so.blog.csdn.net",
    "shuyang.blog.csdn.net",
    "sky.blog.csdn.net",
    "source.blog.csdn.net",
    "soso.blog.csdn.net",
    "smm.blog.csdn.net",
    "sp.blog.csdn.net",
    "sports.blog.csdn.net",
    "spf.blog.csdn.net",
    "space.blog.csdn.net",
    "sqqvod.blog.csdn.net",
    "sjz.blog.csdn.net",
    "sou.blog.csdn.net",
    "ss.blog.csdn.net",
    "sport.blog.csdn.net",
    "static.blog.csdn.net",
    "sr.blog.csdn.net",
    "star.blog.csdn.net",
    "st.blog.csdn.net",
    "stat.blog.csdn.net",
    "sq.blog.csdn.net",
    "special.blog.csdn.net",
    "ssc.blog.csdn.net",
    "ssh.blog.csdn.net",
    "sql.blog.csdn.net",
    "sm.blog.csdn.net",
    "sss.blog.csdn.net",
    "stmp.blog.csdn.net",
    "styles.blog.csdn.net",
    "statics.blog.csdn.net",
    "study.blog.csdn.net",
    "su.blog.csdn.net",
    "static2.blog.csdn.net",
    "stats.blog.csdn.net",
    "store.blog.csdn.net",
    "story.blog.csdn.net",
    "style.blog.csdn.net",
    "status.blog.csdn.net",
    "suihua.blog.csdn.net",
    "ssl.blog.csdn.net",
    "survey.blog.csdn.net",
    "sur.blog.csdn.net",
    "smx.blog.csdn.net",
    "suzhou.blog.csdn.net",
    "sso.blog.csdn.net",
    "sv.blog.csdn.net",
    "surprise.blog.csdn.net",
    "suqian.blog.csdn.net",
    "support.blog.csdn.net",
    "suining.blog.csdn.net",
    "suizhou.blog.csdn.net",
    "svip.blog.csdn.net",
    "super.blog.csdn.net",
    "stock.blog.csdn.net",
    "sw.blog.csdn.net",
    "sx.blog.csdn.net",
    "sxd.blog.csdn.net",
    "swt.blog.csdn.net",
    "sy.blog.csdn.net",
    "suyu.blog.csdn.net",
    "system.blog.csdn.net",
    "sz.blog.csdn.net",
    "t2.blog.csdn.net",
    "szs.blog.csdn.net",
    "tag.blog.csdn.net",
    "tacheng.blog.csdn.net",
    "svn.blog.csdn.net",
    "swap.blog.csdn.net",
    "ta.blog.csdn.net",
    "taian.blog.csdn.net",
    "sys.blog.csdn.net",
    "t.blog.csdn.net",
    "t1.blog.csdn.net",
    "taizhou.blog.csdn.net",
    "tangshan.blog.csdn.net",
    "td.blog.csdn.net",
    "t3.blog.csdn.net",
    "taiyuan.blog.csdn.net",
    "tdm.blog.csdn.net",
    "taixing.blog.csdn.net",
    "tc.blog.csdn.net",
    "taicang.blog.csdn.net",
    "tech.blog.csdn.net",
    "temp.blog.csdn.net",
    "test.blog.csdn.net",
    "talk.blog.csdn.net",
    "taobao.blog.csdn.net",
    "team.blog.csdn.net",
    "tao.blog.csdn.net",
    "tggbaidu.blog.csdn.net",
    "test3.blog.csdn.net",
    "tb.blog.csdn.net",
    "tianjin.blog.csdn.net",
    "t4.blog.csdn.net",
    "tengzhou.blog.csdn.net",
    "think.blog.csdn.net",
    "tg.blog.csdn.net",
    "tj.blog.csdn.net",
    "test2.blog.csdn.net",
    "time.blog.csdn.net",
    "test1.blog.csdn.net",
    "tlf.blog.csdn.net",
    "tmall.blog.csdn.net",
    "tl.blog.csdn.net",
    "task.blog.csdn.net",
    "tieling.blog.csdn.net",
    "tmp.blog.csdn.net",
    "th.blog.csdn.net",
    "tieba.blog.csdn.net",
    "tianshui.blog.csdn.net",
    "tongchuan.blog.csdn.net",
    "tongren.blog.csdn.net",
    "tmsk.blog.csdn.net",
    "tongling.blog.csdn.net",
    "tongliao.blog.csdn.net",
    "tongcheng.blog.csdn.net",
    "tk.blog.csdn.net",
    "tonghua.blog.csdn.net",
    "tool.blog.csdn.net",
    "tm.blog.csdn.net",
    "top.blog.csdn.net",
    "track.blog.csdn.net",
    "toupiao.blog.csdn.net",
    "tongxiang.blog.csdn.net",
    "trade.blog.csdn.net",
    "tongji.blog.csdn.net",
    "tr.blog.csdn.net",
    "travel.blog.csdn.net",
    "ts.blog.csdn.net",
    "topic.blog.csdn.net",
    "tt.blog.csdn.net",
    "ttt.blog.csdn.net",
    "tf.blog.csdn.net",
    "tp.blog.csdn.net",
    "tuan.blog.csdn.net",
    "tunchang.blog.csdn.net",
    "tw.blog.csdn.net",
    "tianmen.blog.csdn.net",
    "tx.blog.csdn.net",
    "tu.blog.csdn.net",
    "tz.blog.csdn.net",
    "tui.blog.csdn.net",
    "tuku.blog.csdn.net",
    "uc.blog.csdn.net",
    "tulufan.blog.csdn.net",
    "tools.blog.csdn.net",
    "ucenter.blog.csdn.net",
    "up.blog.csdn.net",
    "union.blog.csdn.net",
    "ty.blog.csdn.net",
    "update.blog.csdn.net",
    "txt.blog.csdn.net",
    "us.blog.csdn.net",
    "un.blog.csdn.net",
    "usa.blog.csdn.net",
    "user.blog.csdn.net",
    "uk.blog.csdn.net",
    "upload.blog.csdn.net",
    "uu.blog.csdn.net",
    "v.blog.csdn.net",
    "v2-ag.blog.csdn.net",
    "tpfd.blog.csdn.net",
    "uuu.blog.csdn.net",
    "v6.blog.csdn.net",
    "v1.blog.csdn.net",
    "v4.blog.csdn.net",
    "video.blog.csdn.net",
    "vip.blog.csdn.net",
    "vip1.blog.csdn.net",
    "us1.blog.csdn.net",
    "ventes.blog.csdn.net",
    "vip2.blog.csdn.net",
    "vip3699.blog.csdn.net",
    "view.blog.csdn.net",
    "vip4.blog.csdn.net",
    "vip66666.blog.csdn.net",
    "vip3.blog.csdn.net",
    "vip88888.blog.csdn.net",
    "vip8.blog.csdn.net",
    "v5.blog.csdn.net",
    "vod.blog.csdn.net",
    "vip6.blog.csdn.net",
    "vip5678.blog.csdn.net",
    "vote.blog.csdn.net",
    "v3.blog.csdn.net",
    "vpn.blog.csdn.net",
    "url.blog.csdn.net",
    "vvv.blog.csdn.net",
    "v2.blog.csdn.net",
    "visiter.blog.csdn.net",
    "vous.blog.csdn.net",
    "vvvv.blog.csdn.net",
    "vitrines.blog.csdn.net",
    "vv.blog.csdn.net",
    "vont.blog.csdn.net",
    "voice.blog.csdn.net",
    "tupian.blog.csdn.net",
    "vpn2.blog.csdn.net",
    "vraies.blog.csdn.net",
    "vps.blog.csdn.net",
    "vvwwv.blog.csdn.net",
    "vvw.blog.csdn.net",
    "vvvvv.blog.csdn.net",
    "vwwv.blog.csdn.net",
    "w.blog.csdn.net",
    "vvww.blog.csdn.net",
    "vvwvv.blog.csdn.net",
    "wa.blog.csdn.net",
    "w2.blog.csdn.net",
    "w3.blog.csdn.net",
    "w5.blog.csdn.net",
    "wap1.blog.csdn.net",
    "wang.blog.csdn.net",
    "wan.blog.csdn.net",
    "wap3.blog.csdn.net",
    "vwvv.blog.csdn.net",
    "w1.blog.csdn.net",
    "wapzdy.blog.csdn.net",
    "wb.blog.csdn.net",
    "w6.blog.csdn.net",
    "wak.blog.csdn.net",
    "watch.blog.csdn.net",
    "wapgt.blog.csdn.net",
    "wawawa.blog.csdn.net",
    "wapzb.blog.csdn.net",
    "u.blog.csdn.net",
    "wap.blog.csdn.net",
    "tv.blog.csdn.net",
    "wd.blog.csdn.net",
    "vww.blog.csdn.net",
    "web.blog.csdn.net",
    "weifang.blog.csdn.net",
    "wechat.blog.csdn.net",
    "we.blog.csdn.net",
    "web1.blog.csdn.net",
    "wei.blog.csdn.net",
    "webapp.blog.csdn.net",
    "vwvw.blog.csdn.net",
    "weihai.blog.csdn.net",
    "wenda.blog.csdn.net",
    "wenchang.blog.csdn.net",
    "wap2.blog.csdn.net",
    "wenling.blog.csdn.net",
    "web2.blog.csdn.net",
    "weixin.blog.csdn.net",
    "wen.blog.csdn.net",
    "webmail.blog.csdn.net",
    "weibo.blog.csdn.net",
    "weiku.blog.csdn.net",
    "weinan.blog.csdn.net",
    "wg.blog.csdn.net",
    "vwv.blog.csdn.net",
    "wf.blog.csdn.net",
    "win.blog.csdn.net",
    "wifi.blog.csdn.net",
    "wk.blog.csdn.net",
    "wenzhou.blog.csdn.net",
    "wfd.blog.csdn.net",
    "wh.blog.csdn.net",
    "wlcb.blog.csdn.net",
    "wl.blog.csdn.net",
    "wjq.blog.csdn.net",
    "wm.blog.csdn.net",
    "wlk.blog.csdn.net",
    "wiki.blog.csdn.net",
    "wo.blog.csdn.net",
    "wn.blog.csdn.net",
    "woman.blog.csdn.net",
    "wj.blog.csdn.net",
    "wc.blog.csdn.net",
    "wp.blog.csdn.net",
    "world.blog.csdn.net",
    "wlik.blog.csdn.net",
    "wulumuqi.blog.csdn.net",
    "work.blog.csdn.net",
    "wuhu.blog.csdn.net",
    "wujiang.blog.csdn.net",
    "wuhan.blog.csdn.net",
    "wvv.blog.csdn.net",
    "wq.blog.csdn.net",
    "wuzhong.blog.csdn.net",
    "ws.blog.csdn.net",
    "wvvvv.blog.csdn.net",
    "wvvwv.blog.csdn.net",
    "wuyishan.blog.csdn.net",
    "wt.blog.csdn.net",
    "wuxi.blog.csdn.net",
    "wuzhou.blog.csdn.net",
    "wvvw.blog.csdn.net",
    "ww1.blog.csdn.net",
    "wvwvv.blog.csdn.net",
    "wvwv.blog.csdn.net",
    "wvw.blog.csdn.net",
    "www.blog.csdn.net",
    "ww.blog.csdn.net",
    "ww3.blog.csdn.net",
    "wwa.blog.csdn.net",
    "wuhai.blog.csdn.net",
    "www15.blog.csdn.net",
    "wwv.blog.csdn.net",
    "www13.blog.csdn.net",
    "www14.blog.csdn.net",
    "www10.blog.csdn.net",
    "www16.blog.csdn.net",
    "wwvvv.blog.csdn.net",
    "wuwei.blog.csdn.net",
    "wwvv.blog.csdn.net",
    "www18.blog.csdn.net",
    "www1.blog.csdn.net",
    "www11.blog.csdn.net",
    "www12.blog.csdn.net",
    "wlmq.blog.csdn.net",
    "www0.blog.csdn.net",
    "www22.blog.csdn.net",
    "www23.blog.csdn.net",
    "www17.blog.csdn.net",
    "www24.blog.csdn.net",
    "ww2.blog.csdn.net",
    "www5.blog.csdn.net",
    "www21.blog.csdn.net",
    "www20.blog.csdn.net",
    "www2.blog.csdn.net",
    "www25.blog.csdn.net",
    "wwwv.blog.csdn.net",
    "www3.blog.csdn.net",
    "www8.blog.csdn.net",
    "www4.blog.csdn.net",
    "wxtest.blog.csdn.net",
    "wx2.blog.csdn.net",
    "wwwi.blog.csdn.net",
    "www7.blog.csdn.net",
    "www6.blog.csdn.net",
    "wy.blog.csdn.net",
    "www9.blog.csdn.net",
    "wwwa.blog.csdn.net",
    "wx1.blog.csdn.net",
    "wz.blog.csdn.net",
    "x1.blog.csdn.net",
    "wwww.blog.csdn.net",
    "xd.blog.csdn.net",
    "wwwww.blog.csdn.net",
    "xg.blog.csdn.net",
    "xf.blog.csdn.net",
    "wx.blog.csdn.net",
    "xam.blog.csdn.net",
    "xh.blog.csdn.net",
    "www19.blog.csdn.net",
    "xc.blog.csdn.net",
    "xb.blog.csdn.net",
    "wzs.blog.csdn.net",
    "x.blog.csdn.net",
    "xiangcheng.blog.csdn.net",
    "xa.blog.csdn.net",
    "xiangtan.blog.csdn.net",
    "xiangxi.blog.csdn.net",
    "xiamen.blog.csdn.net",
    "xian.blog.csdn.net",
    "xiaoshan.blog.csdn.net",
    "xianfeng.blog.csdn.net",
    "xiaogan.blog.csdn.net",
    "xianyang.blog.csdn.net",
    "xiazai.blog.csdn.net",
    "xiantao.blog.csdn.net",
    "xiangshan.blog.csdn.net",
    "xiangfan.blog.csdn.net",
    "xianning.blog.csdn.net",
    "xinghua.blog.csdn.net",
    "xingyi.blog.csdn.net",
    "xichang.blog.csdn.net",
    "xinyongka.blog.csdn.net",
    "xin.blog.csdn.net",
    "xingtai.blog.csdn.net",
    "xinyu.blog.csdn.net",
    "xining.blog.csdn.net",
    "xinyang.blog.csdn.net",
    "xl.blog.csdn.net",
    "xiu.blog.csdn.net",
    "xp.blog.csdn.net",
    "xjtc.blog.csdn.net",
    "xn.blog.csdn.net",
    "xj.blog.csdn.net",
    "xuancheng.blog.csdn.net",
    "xinji.blog.csdn.net",
    "xuchang.blog.csdn.net",
    "xuanen.blog.csdn.net",
    "xuzhou.blog.csdn.net",
    "xt.blog.csdn.net",
    "xizang.blog.csdn.net",
    "xinyv.blog.csdn.net",
    "xyktx.blog.csdn.net",
    "xxoo.blog.csdn.net",
    "xxxxx.blog.csdn.net",
    "xxx.blog.csdn.net",
    "xm.blog.csdn.net",
    "xw.blog.csdn.net",
    "xx.blog.csdn.net",
    "xinxiang.blog.csdn.net",
    "xy.blog.csdn.net",
    "xvideos.blog.csdn.net",
    "yaan.blog.csdn.net",
    "y3.blog.csdn.net",
    "xiangxiang.blog.csdn.net",
    "yanan.blog.csdn.net",
    "y2.blog.csdn.net",
    "y.blog.csdn.net",
    "xz.blog.csdn.net",
    "y2002.blog.csdn.net",
    "yangchun.blog.csdn.net",
    "yanbian.blog.csdn.net",
    "ya.blog.csdn.net",
    "xs.blog.csdn.net",
    "xinzhou.blog.csdn.net",
    "yanji.blog.csdn.net",
    "yc.blog.csdn.net",
    "yangzhou.blog.csdn.net",
    "xiang.blog.csdn.net",
    "ydsy.blog.csdn.net",
    "yangquan.blog.csdn.net",
    "yantai.blog.csdn.net",
    "yb.blog.csdn.net",
    "ye321.blog.csdn.net",
    "yanling.blog.csdn.net",
    "yd.blog.csdn.net",
    "yanzhou.blog.csdn.net",
    "yichang.blog.csdn.net",
    "yili.blog.csdn.net",
    "yichun.blog.csdn.net",
    "yangjiang.blog.csdn.net",
    "yingkou.blog.csdn.net",
    "yf.blog.csdn.net",
    "yh.blog.csdn.net",
    "yancheng.blog.csdn.net",
    "yg.blog.csdn.net",
    "yingtan.blog.csdn.net",
    "yibin.blog.csdn.net",
    "yixing.blog.csdn.net",
    "yk.blog.csdn.net",
    "yining.blog.csdn.net",
    "ylc.blog.csdn.net",
    "ym.blog.csdn.net",
    "ymt.blog.csdn.net",
    "yjs.blog.csdn.net",
    "ylc1.blog.csdn.net",
    "yj.blog.csdn.net",
    "yl.blog.csdn.net",
    "yiwu.blog.csdn.net",
    "ylk.blog.csdn.net",
    "yongzhou.blog.csdn.net",
    "yq.blog.csdn.net",
    "ys.blog.csdn.net",
    "yuedu.blog.csdn.net",
    "yn.blog.csdn.net",
    "yu.blog.csdn.net",
    "yongkang.blog.csdn.net",
    "yt.blog.csdn.net",
    "you.blog.csdn.net",
    "youxi.blog.csdn.net",
    "yiyang.blog.csdn.net",
    "yulecheng.blog.csdn.net",
    "yule.blog.csdn.net",
    "yich.blog.csdn.net",
    "yuxi.blog.csdn.net",
    "yun.blog.csdn.net",
    "yinchuan.blog.csdn.net",
    "yuyao.blog.csdn.net",
    "yuncheng.blog.csdn.net",
    "yueyang.blog.csdn.net",
    "yw.blog.csdn.net",
    "yuhuan.blog.csdn.net",
    "yulin.blog.csdn.net",
    "yyy.blog.csdn.net",
    "yym.blog.csdn.net",
    "z2.blog.csdn.net",
    "yyk.blog.csdn.net",
    "z1.blog.csdn.net",
    "yuzhou.blog.csdn.net",
    "z4.blog.csdn.net",
    "yx.blog.csdn.net",
    "youjizz.blog.csdn.net",
    "yzs.blog.csdn.net",
    "z5.blog.csdn.net",
    "zabbix.blog.csdn.net",
    "zaozhuang.blog.csdn.net",
    "zb.blog.csdn.net",
    "yz.blog.csdn.net",
    "yy.blog.csdn.net",
    "zc.blog.csdn.net",
    "zd.blog.csdn.net",
    "z.blog.csdn.net",
    "zengcheng.blog.csdn.net",
    "zg.blog.csdn.net",
    "zhangbei.blog.csdn.net",
    "zalando.blog.csdn.net",
    "zhangjiajie.blog.csdn.net",
    "zhangye.blog.csdn.net",
    "zh.blog.csdn.net",
    "zhanjiang.blog.csdn.net",
    "zdy.blog.csdn.net",
    "zhangzhou.blog.csdn.net",
    "zhaodong.blog.csdn.net",
    "yxx.blog.csdn.net",
    "zhaotong.blog.csdn.net",
    "zhangjiagang.blog.csdn.net",
    "zhangqiu.blog.csdn.net",
    "zhangjiakou.blog.csdn.net",
    "z3.blog.csdn.net",
    "zhoukou.blog.csdn.net",
    "zhaoqing.blog.csdn.net",
    "zhoushan.blog.csdn.net",
    "zhucheng.blog.csdn.net",
    "zhidao.blog.csdn.net",
    "zhumadian.blog.csdn.net",
    "zhenjiang.blog.csdn.net",
    "zhibo.blog.csdn.net",
    "zhuzhou.blog.csdn.net",
    "zhengzhou.blog.csdn.net",
    "zf.blog.csdn.net",
    "zhongshan.blog.csdn.net",
    "ziyang.blog.csdn.net",
    "zjj.blog.csdn.net",
    "zjk.blog.csdn.net",
    "zibo.blog.csdn.net",
    "zigong.blog.csdn.net",
    "zhuji.blog.csdn.net",
    "zlkhlbrl.blog.csdn.net",
    "zl.blog.csdn.net",
    "zm.blog.csdn.net",
    "zj.blog.csdn.net",
    "zhuhai.blog.csdn.net",
    "zone.blog.csdn.net",
    "zlkhtjsc.blog.csdn.net",
    "zmd.blog.csdn.net",
    "zq.blog.csdn.net",
    "zk.blog.csdn.net",
    "zw.blog.csdn.net",
    "zlkhrytz.blog.csdn.net",
    "zoucheng.blog.csdn.net",
    "zy.blog.csdn.net",
    "zz.blog.csdn.net",
    "zzz.blog.csdn.net",
    "zunyi.blog.csdn.net",
    "zuiyi.blog.csdn.net",
    "zt.blog.csdn.net",
    "zx.blog.csdn.net",
    "zxt.blog.csdn.net",
    "zp.blog.csdn.net",
    "zs.blog.csdn.net"
]