[
    "001.cn1nja.github.io",
    "12.cn1nja.github.io",
    "0.cn1nja.github.io",
    "11.cn1nja.github.io",
    "114.cn1nja.github.io",
    "1100lu.cn1nja.github.io",
    "002.cn1nja.github.io",
    "101.cn1nja.github.io",
    "129979.cn1nja.github.io",
    "15.cn1nja.github.io",
    "111.cn1nja.github.io",
    "17.cn1nja.github.io",
    "13.cn1nja.github.io",
    "123.cn1nja.github.io",
    "178896.cn1nja.github.io",
    "10.cn1nja.github.io",
    "2.cn1nja.github.io",
    "168.cn1nja.github.io",
    "180.cn1nja.github.io",
    "14.cn1nja.github.io",
    "2012.cn1nja.github.io",
    "120.cn1nja.github.io",
    "2016.cn1nja.github.io",
    "2015.cn1nja.github.io",
    "2013.cn1nja.github.io",
    "19.cn1nja.github.io",
    "1111.cn1nja.github.io",
    "163.cn1nja.github.io",
    "20.cn1nja.github.io",
    "24.cn1nja.github.io",
    "2014.cn1nja.github.io",
    "21.cn1nja.github.io",
    "16.cn1nja.github.io",
    "176.cn1nja.github.io",
    "26.cn1nja.github.io",
    "1.cn1nja.github.io",
    "18.cn1nja.github.io",
    "25.cn1nja.github.io",
    "22.cn1nja.github.io",
    "22eee.cn1nja.github.io",
    "31.cn1nja.github.io",
    "28.cn1nja.github.io",
    "300.cn1nja.github.io",
    "21112.cn1nja.github.io",
    "222.cn1nja.github.io",
    "26uuu.cn1nja.github.io",
    "32.cn1nja.github.io",
    "333.cn1nja.github.io",
    "33eee.cn1nja.github.io",
    "34.cn1nja.github.io",
    "36.cn1nja.github.io",
    "29.cn1nja.github.io",
    "315.cn1nja.github.io",
    "33.cn1nja.github.io",
    "3d.cn1nja.github.io",
    "35.cn1nja.github.io",
    "365.cn1nja.github.io",
    "3gwww.cn1nja.github.io",
    "360.cn1nja.github.io",
    "37.cn1nja.github.io",
    "39.cn1nja.github.io",
    "3g.cn1nja.github.io",
    "3.cn1nja.github.io",
    "30.cn1nja.github.io",
    "4g.cn1nja.github.io",
    "51.cn1nja.github.io",
    "5.cn1nja.github.io",
    "44.cn1nja.github.io",
    "400.cn1nja.github.io",
    "55.cn1nja.github.io",
    "56.cn1nja.github.io",
    "595688.cn1nja.github.io",
    "544qq.cn1nja.github.io",
    "520.cn1nja.github.io",
    "4.cn1nja.github.io",
    "6.cn1nja.github.io",
    "611vv.cn1nja.github.io",
    "666.cn1nja.github.io",
    "555.cn1nja.github.io",
    "6s.cn1nja.github.io",
    "66.cn1nja.github.io",
    "669139.cn1nja.github.io",
    "6j.cn1nja.github.io",
    "777.cn1nja.github.io",
    "5g.cn1nja.github.io",
    "58.cn1nja.github.io",
    "8.cn1nja.github.io",
    "888.cn1nja.github.io",
    "88.cn1nja.github.io",
    "999.cn1nja.github.io",
    "DNS2.cn1nja.github.io",
    "Francais.cn1nja.github.io",
    "IN.cn1nja.github.io",
    "Quel.cn1nja.github.io",
    "9.cn1nja.github.io",
    "TEL.cn1nja.github.io",
    "a1.cn1nja.github.io",
    "77.cn1nja.github.io",
    "a3.cn1nja.github.io",
    "7.cn1nja.github.io",
    "777me.cn1nja.github.io",
    "a4.cn1nja.github.io",
    "a.cn1nja.github.io",
    "99.cn1nja.github.io",
    "a5.cn1nja.github.io",
    "a8.cn1nja.github.io",
    "aal.cn1nja.github.io",
    "a2.cn1nja.github.io",
    "aa.cn1nja.github.io",
    "aaak7.cn1nja.github.io",
    "ab.cn1nja.github.io",
    "about.cn1nja.github.io",
    "ac.cn1nja.github.io",
    "act.cn1nja.github.io",
    "activity.cn1nja.github.io",
    "access.cn1nja.github.io",
    "ad.cn1nja.github.io",
    "ads.cn1nja.github.io",
    "account.cn1nja.github.io",
    "a6.cn1nja.github.io",
    "ah.cn1nja.github.io",
    "ag.cn1nja.github.io",
    "akesu.cn1nja.github.io",
    "ai.cn1nja.github.io",
    "al.cn1nja.github.io",
    "agent.cn1nja.github.io",
    "ali.cn1nja.github.io",
    "aliyun.cn1nja.github.io",
    "all.cn1nja.github.io",
    "aks.cn1nja.github.io",
    "ale.cn1nja.github.io",
    "aller.cn1nja.github.io",
    "allons.cn1nja.github.io",
    "alt.cn1nja.github.io",
    "alsm.cn1nja.github.io",
    "amazon.cn1nja.github.io",
    "anange.cn1nja.github.io",
    "android.cn1nja.github.io",
    "annee.cn1nja.github.io",
    "ankang.cn1nja.github.io",
    "anqing.cn1nja.github.io",
    "anquye.cn1nja.github.io",
    "anshan.cn1nja.github.io",
    "anyang.cn1nja.github.io",
    "anshun.cn1nja.github.io",
    "ap.cn1nja.github.io",
    "api.cn1nja.github.io",
    "api2.cn1nja.github.io",
    "apk.cn1nja.github.io",
    "apple.cn1nja.github.io",
    "app.cn1nja.github.io",
    "apps.cn1nja.github.io",
    "aq.cn1nja.github.io",
    "ar.cn1nja.github.io",
    "art.cn1nja.github.io",
    "article.cn1nja.github.io",
    "as.cn1nja.github.io",
    "asd.cn1nja.github.io",
    "ask.cn1nja.github.io",
    "asp.cn1nja.github.io",
    "assets.cn1nja.github.io",
    "auto.cn1nja.github.io",
    "auth.cn1nja.github.io",
    "autodiscover.cn1nja.github.io",
    "av.cn1nja.github.io",
    "avantage.cn1nja.github.io",
    "avatar.cn1nja.github.io",
    "avec.cn1nja.github.io",
    "avxcl.cn1nja.github.io",
    "aws.cn1nja.github.io",
    "ay.cn1nja.github.io",
    "b.cn1nja.github.io",
    "b1.cn1nja.github.io",
    "b2.cn1nja.github.io",
    "b3.cn1nja.github.io",
    "ba.cn1nja.github.io",
    "b2b.cn1nja.github.io",
    "back.cn1nja.github.io",
    "baby.cn1nja.github.io",
    "backend.cn1nja.github.io",
    "backup.cn1nja.github.io",
    "baicheng.cn1nja.github.io",
    "bai.cn1nja.github.io",
    "baidu.cn1nja.github.io",
    "baidu1.cn1nja.github.io",
    "baidu2.cn1nja.github.io",
    "baise.cn1nja.github.io",
    "baike.cn1nja.github.io",
    "baisha.cn1nja.github.io",
    "baishan.cn1nja.github.io",
    "baiyin.cn1nja.github.io",
    "bak.cn1nja.github.io",
    "bao.cn1nja.github.io",
    "baoding.cn1nja.github.io",
    "baoshan.cn1nja.github.io",
    "baoji.cn1nja.github.io",
    "baotou.cn1nja.github.io",
    "baoting.cn1nja.github.io",
    "base.cn1nja.github.io",
    "bazhong.cn1nja.github.io",
    "bb.cn1nja.github.io",
    "bbb.cn1nja.github.io",
    "bbs1.cn1nja.github.io",
    "bbs.cn1nja.github.io",
    "bbs2.cn1nja.github.io",
    "bc.cn1nja.github.io",
    "bd.cn1nja.github.io",
    "bd123001.cn1nja.github.io",
    "bdf.cn1nja.github.io",
    "bdtb.cn1nja.github.io",
    "bd3g.cn1nja.github.io",
    "beian.cn1nja.github.io",
    "beihai.cn1nja.github.io",
    "beijing.cn1nja.github.io",
    "beau.cn1nja.github.io",
    "bengbu.cn1nja.github.io",
    "benxi.cn1nja.github.io",
    "best.cn1nja.github.io",
    "betl.cn1nja.github.io",
    "beta.cn1nja.github.io",
    "bg.cn1nja.github.io",
    "bf.cn1nja.github.io",
    "bhs.cn1nja.github.io",
    "bi.cn1nja.github.io",
    "bh.cn1nja.github.io",
    "biao.cn1nja.github.io",
    "bien.cn1nja.github.io",
    "bijie.cn1nja.github.io",
    "binzhou.cn1nja.github.io",
    "bit.cn1nja.github.io",
    "bj.cn1nja.github.io",
    "biz.cn1nja.github.io",
    "bk.cn1nja.github.io",
    "blc.cn1nja.github.io",
    "blog.cn1nja.github.io",
    "bm.cn1nja.github.io",
    "bl.cn1nja.github.io",
    "bn.cn1nja.github.io",
    "bole.cn1nja.github.io",
    "bonnes.cn1nja.github.io",
    "bo.cn1nja.github.io",
    "bons.cn1nja.github.io",
    "book.cn1nja.github.io",
    "boss.cn1nja.github.io",
    "boutique.cn1nja.github.io",
    "box.cn1nja.github.io",
    "bozhou.cn1nja.github.io",
    "brand.cn1nja.github.io",
    "brandalley.cn1nja.github.io",
    "bs.cn1nja.github.io",
    "bug.cn1nja.github.io",
    "bt.cn1nja.github.io",
    "business.cn1nja.github.io",
    "buy.cn1nja.github.io",
    "bxbg.cn1nja.github.io",
    "bx.cn1nja.github.io",
    "bygl.cn1nja.github.io",
    "bz.cn1nja.github.io",
    "by.cn1nja.github.io",
    "c.cn1nja.github.io",
    "bzml.cn1nja.github.io",
    "c1.cn1nja.github.io",
    "c2.cn1nja.github.io",
    "ca.cn1nja.github.io",
    "c3.cn1nja.github.io",
    "cache.cn1nja.github.io",
    "cacti.cn1nja.github.io",
    "cadeau.cn1nja.github.io",
    "cai.cn1nja.github.io",
    "calendar.cn1nja.github.io",
    "call.cn1nja.github.io",
    "cangzhou.cn1nja.github.io",
    "car.cn1nja.github.io",
    "card.cn1nja.github.io",
    "carte.cn1nja.github.io",
    "cas.cn1nja.github.io",
    "cb.cn1nja.github.io",
    "cc.cn1nja.github.io",
    "cd.cn1nja.github.io",
    "ccc.cn1nja.github.io",
    "cddck.cn1nja.github.io",
    "cdiscount.cn1nja.github.io",
    "cdn.cn1nja.github.io",
    "cdn2.cn1nja.github.io",
    "ce.cn1nja.github.io",
    "center.cn1nja.github.io",
    "certifiee.cn1nja.github.io",
    "ces.cn1nja.github.io",
    "ceshi.cn1nja.github.io",
    "cf.cn1nja.github.io",
    "cg.cn1nja.github.io",
    "ch.cn1nja.github.io",
    "cha.cn1nja.github.io",
    "changchun.cn1nja.github.io",
    "changde.cn1nja.github.io",
    "changdu.cn1nja.github.io",
    "changge.cn1nja.github.io",
    "changji.cn1nja.github.io",
    "changjiang.cn1nja.github.io",
    "changle.cn1nja.github.io",
    "changsha.cn1nja.github.io",
    "changshu.cn1nja.github.io",
    "changzhi.cn1nja.github.io",
    "changzhou.cn1nja.github.io",
    "chaohu.cn1nja.github.io",
    "chaoyang.cn1nja.github.io",
    "chaozhou.cn1nja.github.io",
    "chat.cn1nja.github.io"
]