[
    "12.qq.com",
    "100.qq.com",
    "0.qq.com",
    "1.qq.com",
    "123.qq.com",
    "111.qq.com",
    "1111.qq.com",
    "114.qq.com",
    "10.qq.com",
    "101.qq.com",
    "168.qq.com",
    "18.qq.com",
    "2012.qq.com",
    "2.qq.com",
    "176.qq.com",
    "2014.qq.com",
    "17.qq.com",
    "22.qq.com",
    "2016.qq.com",
    "25.qq.com",
    "3.qq.com",
    "333.qq.com",
    "33.qq.com",
    "3g.qq.com",
    "4.qq.com",
    "44.qq.com",
    "3d.qq.com",
    "4g.qq.com",
    "400.qq.com",
    "5.qq.com",
    "51.qq.com",
    "520.qq.com",
    "55.qq.com",
    "6.qq.com",
    "666.qq.com",
    "5g.qq.com",
    "315.qq.com",
    "66.qq.com",
    "6j.qq.com",
    "7.qq.com",
    "888.qq.com",
    "777.qq.com",
    "8.qq.com",
    "77.qq.com",
    "9.qq.com",
    "88.qq.com",
    "DNS2.qq.com",
    "IN.qq.com",
    "999.qq.com",
    "TEL.qq.com",
    "a.qq.com",
    "ab.qq.com",
    "abc.qq.com",
    "aaa.qq.com",
    "ac.qq.com",
    "act.qq.com",
    "ad.qq.com",
    "aa.qq.com",
    "ah.qq.com",
    "ag.qq.com",
    "ai.qq.com",
    "android.qq.com",
    "api.qq.com",
    "app.qq.com",
    "apple.qq.com",
    "aq.qq.com",
    "ar.qq.com",
    "art.qq.com",
    "ask.qq.com",
    "as.qq.com",
    "auto.qq.com",
    "av.qq.com",
    "avatar.qq.com",
    "ay.qq.com",
    "b.qq.com",
    "b2b.qq.com",
    "baby.qq.com",
    "back.qq.com",
    "backup.qq.com",
    "baike.qq.com",
    "bak.qq.com"
]