[
    "1.shangwendada.co",
    "111.shangwendada.co",
    "10.shangwendada.co",
    "12.shangwendada.co",
    "13.shangwendada.co",
    "129979.shangwendada.co",
    "0.shangwendada.co",
    "002.shangwendada.co",
    "01.shangwendada.co",
    "114.shangwendada.co",
    "176.shangwendada.co",
    "16.shangwendada.co",
    "001.shangwendada.co",
    "100.shangwendada.co",
    "11.shangwendada.co",
    "178896.shangwendada.co",
    "17.shangwendada.co",
    "168.shangwendada.co",
    "1111.shangwendada.co",
    "14.shangwendada.co",
    "15.shangwendada.co",
    "2012.shangwendada.co",
    "18.shangwendada.co",
    "2014.shangwendada.co",
    "101.shangwendada.co",
    "180.shangwendada.co",
    "1100lu.shangwendada.co",
    "19.shangwendada.co",
    "21.shangwendada.co",
    "2013.shangwendada.co",
    "2016.shangwendada.co",
    "120.shangwendada.co",
    "25.shangwendada.co",
    "26.shangwendada.co",
    "222.shangwendada.co",
    "22cn575615.shangwendada.co",
    "20.shangwendada.co",
    "2.shangwendada.co",
    "23.shangwendada.co",
    "163.shangwendada.co",
    "2015.shangwendada.co",
    "123.shangwendada.co",
    "22.shangwendada.co",
    "21112.shangwendada.co",
    "24.shangwendada.co",
    "33.shangwendada.co",
    "26xe.shangwendada.co",
    "27.shangwendada.co",
    "31.shangwendada.co",
    "29.shangwendada.co",
    "30.shangwendada.co",
    "300.shangwendada.co",
    "22eee.shangwendada.co",
    "3.shangwendada.co",
    "28.shangwendada.co",
    "315.shangwendada.co",
    "333.shangwendada.co",
    "32.shangwendada.co",
    "3gwww.shangwendada.co",
    "26uuu.shangwendada.co",
    "33eee.shangwendada.co",
    "36.shangwendada.co",
    "38.shangwendada.co",
    "35.shangwendada.co",
    "360.shangwendada.co",
    "37.shangwendada.co",
    "39.shangwendada.co",
    "4.shangwendada.co",
    "3w.shangwendada.co",
    "44.shangwendada.co",
    "4444kk.shangwendada.co",
    "544qq.shangwendada.co",
    "365.shangwendada.co",
    "4g.shangwendada.co",
    "520.shangwendada.co",
    "3g.shangwendada.co",
    "56.shangwendada.co",
    "58.shangwendada.co",
    "555.shangwendada.co",
    "34.shangwendada.co",
    "51.shangwendada.co",
    "400.shangwendada.co",
    "666.shangwendada.co",
    "595688.shangwendada.co",
    "6.shangwendada.co",
    "3d.shangwendada.co",
    "66.shangwendada.co",
    "611vv.shangwendada.co",
    "669139.shangwendada.co",
    "5.shangwendada.co",
    "6j.shangwendada.co",
    "7.shangwendada.co",
    "6s.shangwendada.co",
    "5g.shangwendada.co",
    "77.shangwendada.co",
    "55.shangwendada.co",
    "999.shangwendada.co",
    "99.shangwendada.co",
    "9.shangwendada.co",
    "888.shangwendada.co",
    "Francais.shangwendada.co",
    "8.shangwendada.co",
    "DNS2.shangwendada.co",
    "Quel.shangwendada.co",
    "TEL.shangwendada.co",
    "a3.shangwendada.co",
    "a2.shangwendada.co",
    "a6.shangwendada.co",
    "a4.shangwendada.co",
    "777me.shangwendada.co",
    "a8.shangwendada.co",
    "aa.shangwendada.co",
    "access.shangwendada.co",
    "a1.shangwendada.co",
    "88.shangwendada.co",
    "IN.shangwendada.co",
    "aaak7.shangwendada.co",
    "aaa.shangwendada.co",
    "777.shangwendada.co",
    "ab.shangwendada.co",
    "a.shangwendada.co",
    "a5.shangwendada.co",
    "ai.shangwendada.co",
    "ads.shangwendada.co",
    "abc.shangwendada.co",
    "about.shangwendada.co",
    "aks.shangwendada.co",
    "akesu.shangwendada.co",
    "account.shangwendada.co",
    "ad.shangwendada.co",
    "admin.shangwendada.co",
    "act.shangwendada.co",
    "aal.shangwendada.co",
    "adm.shangwendada.co",
    "activity.shangwendada.co",
    "agent.shangwendada.co",
    "allons.shangwendada.co",
    "al.shangwendada.co",
    "ag.shangwendada.co",
    "ac.shangwendada.co",
    "ali.shangwendada.co",
    "ah.shangwendada.co",
    "anange.shangwendada.co",
    "amazon.shangwendada.co",
    "android.shangwendada.co",
    "ankang.shangwendada.co",
    "anqing.shangwendada.co",
    "ale.shangwendada.co",
    "anyang.shangwendada.co",
    "anshun.shangwendada.co",
    "all.shangwendada.co",
    "aliyun.shangwendada.co",
    "apple.shangwendada.co",
    "api2.shangwendada.co",
    "aller.shangwendada.co",
    "anshan.shangwendada.co",
    "api.shangwendada.co",
    "ar.shangwendada.co",
    "ap.shangwendada.co",
    "annee.shangwendada.co",
    "app.shangwendada.co",
    "alsm.shangwendada.co",
    "assets.shangwendada.co",
    "auth.shangwendada.co",
    "alt.shangwendada.co",
    "art.shangwendada.co",
    "apk.shangwendada.co",
    "am.shangwendada.co",
    "apps.shangwendada.co",
    "article.shangwendada.co",
    "anquye.shangwendada.co",
    "auto.shangwendada.co",
    "as.shangwendada.co",
    "autodiscover.shangwendada.co",
    "avatar.shangwendada.co",
    "avec.shangwendada.co",
    "asp.shangwendada.co",
    "ay.shangwendada.co",
    "b1.shangwendada.co",
    "b.shangwendada.co",
    "aws.shangwendada.co",
    "aq.shangwendada.co",
    "avantage.shangwendada.co",
    "av.shangwendada.co",
    "baidu.shangwendada.co",
    "asd.shangwendada.co",
    "ba.shangwendada.co",
    "ask.shangwendada.co",
    "b3.shangwendada.co",
    "b2.shangwendada.co",
    "baidu1.shangwendada.co",
    "avxcl.shangwendada.co",
    "backup.shangwendada.co",
    "baidu2.shangwendada.co",
    "b2b.shangwendada.co",
    "baicheng.shangwendada.co",
    "baisha.shangwendada.co",
    "bai.shangwendada.co",
    "back.shangwendada.co",
    "baby.shangwendada.co",
    "bak.shangwendada.co",
    "bao.shangwendada.co",
    "backend.shangwendada.co",
    "baise.shangwendada.co",
    "bbs.shangwendada.co",
    "baoting.shangwendada.co",
    "baotou.shangwendada.co",
    "baoshan.shangwendada.co",
    "baoding.shangwendada.co",
    "baoji.shangwendada.co",
    "bdf.shangwendada.co",
    "bbs1.shangwendada.co",
    "bd123001.shangwendada.co",
    "bbb.shangwendada.co",
    "baishan.shangwendada.co",
    "bb.shangwendada.co",
    "bazhong.shangwendada.co",
    "bc.shangwendada.co",
    "bd.shangwendada.co",
    "bbs2.shangwendada.co",
    "bdtb.shangwendada.co",
    "beijing.shangwendada.co",
    "beau.shangwendada.co",
    "beihai.shangwendada.co",
    "base.shangwendada.co",
    "beian.shangwendada.co",
    "beta.shangwendada.co",
    "baiyin.shangwendada.co",
    "bijie.shangwendada.co",
    "binzhou.shangwendada.co",
    "best.shangwendada.co",
    "bengbu.shangwendada.co",
    "biz.shangwendada.co",
    "bg.shangwendada.co",
    "bh.shangwendada.co",
    "biao.shangwendada.co",
    "bhs.shangwendada.co",
    "bien.shangwendada.co",
    "bi.shangwendada.co",
    "bit.shangwendada.co",
    "benxi.shangwendada.co",
    "bl.shangwendada.co",
    "bj.shangwendada.co",
    "bk.shangwendada.co",
    "book.shangwendada.co",
    "blc.shangwendada.co",
    "bn.shangwendada.co",
    "boss.shangwendada.co",
    "bm.shangwendada.co",
    "box.shangwendada.co",
    "bole.shangwendada.co",
    "bd3g.shangwendada.co",
    "betl.shangwendada.co",
    "bf.shangwendada.co",
    "bo.shangwendada.co",
    "brandalley.shangwendada.co",
    "bonnes.shangwendada.co",
    "by.shangwendada.co",
    "bs.shangwendada.co",
    "bug.shangwendada.co",
    "bxbg.shangwendada.co",
    "business.shangwendada.co",
    "buy.shangwendada.co",
    "bozhou.shangwendada.co",
    "brand.shangwendada.co",
    "c.shangwendada.co",
    "bz.shangwendada.co",
    "ca.shangwendada.co",
    "c3.shangwendada.co",
    "c1.shangwendada.co",
    "boutique.shangwendada.co",
    "bt.shangwendada.co",
    "bzml.shangwendada.co",
    "bons.shangwendada.co",
    "bx.shangwendada.co",
    "bygl.shangwendada.co",
    "cache.shangwendada.co",
    "cangzhou.shangwendada.co",
    "car.shangwendada.co",
    "call.shangwendada.co",
    "card.shangwendada.co",
    "c2.shangwendada.co",
    "cdn.shangwendada.co",
    "cdn1.shangwendada.co",
    "cb.shangwendada.co",
    "cc.shangwendada.co",
    "cas.shangwendada.co",
    "cacti.shangwendada.co",
    "cdiscount.shangwendada.co",
    "ce.shangwendada.co",
    "cddck.shangwendada.co",
    "cdn2.shangwendada.co",
    "ccc.shangwendada.co",
    "cadeau.shangwendada.co",
    "cg.shangwendada.co",
    "carte.shangwendada.co",
    "cd.shangwendada.co",
    "calendar.shangwendada.co",
    "cai.shangwendada.co",
    "changge.shangwendada.co",
    "certifiee.shangwendada.co",
    "ces.shangwendada.co",
    "ceshi.shangwendada.co",
    "cf.shangwendada.co",
    "changde.shangwendada.co",
    "changchun.shangwendada.co",
    "center.shangwendada.co",
    "changdu.shangwendada.co",
    "changle.shangwendada.co",
    "changshu.shangwendada.co",
    "changsha.shangwendada.co",
    "changzhi.shangwendada.co",
    "cha.shangwendada.co",
    "blog.shangwendada.co",
    "changjiang.shangwendada.co",
    "chaozhou.shangwendada.co",
    "chat.shangwendada.co",
    "cheap.shangwendada.co",
    "changji.shangwendada.co",
    "chengde.shangwendada.co",
    "ch.shangwendada.co",
    "check.shangwendada.co",
    "chengdu.shangwendada.co",
    "chaussures.shangwendada.co",
    "changzhou.shangwendada.co",
    "chaoyang.shangwendada.co",
    "chez.shangwendada.co",
    "cher.shangwendada.co",
    "chibi.shangwendada.co",
    "chenzhou.shangwendada.co",
    "chifeng.shangwendada.co",
    "chaohu.shangwendada.co",
    "chongqing.shangwendada.co",
    "chuzhou.shangwendada.co",
    "city.shangwendada.co",
    "cj.shangwendada.co",
    "cixi.shangwendada.co",
    "cjs168.shangwendada.co",
    "china.shangwendada.co",
    "chongzuo.shangwendada.co",
    "ck.shangwendada.co",
    "chengmai.shangwendada.co",
    "cliquez.shangwendada.co",
    "chizhou.shangwendada.co",
    "click.shangwendada.co",
    "ci.shangwendada.co",
    "cloud.shangwendada.co",
    "cls.shangwendada.co",
    "club.shangwendada.co",
    "cms.shangwendada.co",
    "chuxiong.shangwendada.co",
    "cname.shangwendada.co",
    "cl.shangwendada.co",
    "cm1.shangwendada.co",
    "code.shangwendada.co",
    "cn.shangwendada.co",
    "com.shangwendada.co",
    "clients.shangwendada.co",
    "cnc.shangwendada.co",
    "colis.shangwendada.co",
    "client.shangwendada.co",
    "cnn.shangwendada.co",
    "cpanel.shangwendada.co",
    "company.shangwendada.co",
    "config.shangwendada.co",
    "comment.shangwendada.co",
    "console.shangwendada.co",
    "contact.shangwendada.co",
    "count.shangwendada.co",
    "cp.shangwendada.co",
    "cool.shangwendada.co",
    "connect.shangwendada.co",
    "cm.shangwendada.co",
    "cq.shangwendada.co",
    "commande.shangwendada.co",
    "creditcard.shangwendada.co",
    "credit.shangwendada.co",
    "cx.shangwendada.co",
    "cw.shangwendada.co",
    "css.shangwendada.co",
    "ct.shangwendada.co",
    "crm.shangwendada.co",
    "cs.shangwendada.co",
    "d.shangwendada.co",
    "d1.shangwendada.co",
    "dafeng.shangwendada.co",
    "corp.shangwendada.co",
    "conghua.shangwendada.co",
    "cps.shangwendada.co",
    "danzhou.shangwendada.co",
    "d2.shangwendada.co",
    "daili.shangwendada.co",
    "d4.shangwendada.co",
    "da.shangwendada.co",
    "d3.shangwendada.co",
    "daohang.shangwendada.co",
    "cz.shangwendada.co",
    "cy.shangwendada.co",
    "danyang.shangwendada.co",
    "data.shangwendada.co",
    "dates.shangwendada.co",
    "datong.shangwendada.co",
    "dataminer-telecom.shangwendada.co",
    "daily.shangwendada.co",
    "dc.shangwendada.co",
    "db.shangwendada.co",
    "de.shangwendada.co",
    "demo1.shangwendada.co",
    "dazhou.shangwendada.co",
    "dataminer-unicom.shangwendada.co",
    "desk.shangwendada.co",
    "dev.shangwendada.co",
    "dd.shangwendada.co",
    "deyang.shangwendada.co",
    "daqing.shangwendada.co",
    "dingzhou.shangwendada.co",
    "ddd.shangwendada.co",
    "dingan.shangwendada.co",
    "demo2.shangwendada.co",
    "dalian.shangwendada.co",
    "dali.shangwendada.co",
    "dandong.shangwendada.co",
    "df.shangwendada.co",
    "danmu.shangwendada.co",
    "diqing.shangwendada.co",
    "dilianbeian.shangwendada.co",
    "dezhou.shangwendada.co",
    "dns.shangwendada.co",
    "dk.shangwendada.co",
    "demo.shangwendada.co",
    "dl.shangwendada.co",
    "direct.shangwendada.co",
    "dn.shangwendada.co",
    "dg.shangwendada.co",
    "dns1.shangwendada.co",
    "down.shangwendada.co",
    "do.shangwendada.co",
    "disk.shangwendada.co",
    "doc.shangwendada.co",
    "dlq.shangwendada.co",
    "dh.shangwendada.co",
    "docs.shangwendada.co",
    "domain.shangwendada.co",
    "dm.shangwendada.co",
    "dongying.shangwendada.co",
    "down1.shangwendada.co",
    "dj.shangwendada.co",
    "diy.shangwendada.co",
    "dxal.shangwendada.co",
    "ds.shangwendada.co",
    "dw.shangwendada.co",
    "dongfang.shangwendada.co",
    "dx.shangwendada.co",
    "dz.shangwendada.co",
    "dongguan.shangwendada.co",
    "dp.shangwendada.co",
    "dq.shangwendada.co",
    "download.shangwendada.co",
    "dongyang.shangwendada.co",
    "e.shangwendada.co",
    "eee.shangwendada.co",
    "easy.shangwendada.co",
    "eel.shangwendada.co",
    "du.shangwendada.co",
    "ec.shangwendada.co",
    "em.shangwendada.co",
    "down2.shangwendada.co",
    "eeuss.shangwendada.co",
    "eerduosi.shangwendada.co",
    "dt.shangwendada.co",
    "economie.shangwendada.co",
    "edm.shangwendada.co",
    "enterpriseregistration.shangwendada.co",
    "dy.shangwendada.co",
    "en.shangwendada.co",
    "eq.shangwendada.co",
    "ent.shangwendada.co",
    "enshi.shangwendada.co",
    "ebay.shangwendada.co",
    "er.shangwendada.co",
    "ee.shangwendada.co",
    "est.shangwendada.co",
    "event.shangwendada.co",
    "erds.shangwendada.co",
    "english.shangwendada.co",
    "edu.shangwendada.co",
    "enterpriseenrollment.shangwendada.co",
    "es.shangwendada.co",
    "ex.shangwendada.co",
    "ezhou.shangwendada.co",
    "f2.shangwendada.co",
    "exam.shangwendada.co",
    "exmail.shangwendada.co",
    "erp.shangwendada.co",
    "email.shangwendada.co",
    "fangchenggang.shangwendada.co",
    "epg.shangwendada.co",
    "ez.shangwendada.co",
    "faire.shangwendada.co",
    "fanli.shangwendada.co",
    "fashion.shangwendada.co",
    "fenghua.shangwendada.co",
    "fenxiao.shangwendada.co",
    "f.shangwendada.co",
    "ff.shangwendada.co",
    "fa.shangwendada.co",
    "f1.shangwendada.co",
    "fb.shangwendada.co",
    "fff.shangwendada.co",
    "fgey.shangwendada.co",
    "fc.shangwendada.co",
    "fk.shangwendada.co",
    "fast.shangwendada.co",
    "fd.shangwendada.co",
    "faq.shangwendada.co",
    "fcg.shangwendada.co",
    "feed.shangwendada.co",
    "finance.shangwendada.co",
    "fh.shangwendada.co",
    "fi.shangwendada.co",
    "file.shangwendada.co",
    "fladmin.shangwendada.co",
    "fang.shangwendada.co",
    "files.shangwendada.co",
    "fl.shangwendada.co",
    "fm.shangwendada.co",
    "fs.shangwendada.co",
    "ft.shangwendada.co",
    "forum.shangwendada.co",
    "fj.shangwendada.co",
    "flash.shangwendada.co",
    "fr.shangwendada.co",
    "fnac.shangwendada.co",
    "flv.shangwendada.co",
    "focus.shangwendada.co",
    "ftp.shangwendada.co",
    "fozhu.shangwendada.co",
    "frais.shangwendada.co",
    "france.shangwendada.co",
    "fuqing.shangwendada.co",
    "food.shangwendada.co",
    "fuzhou.shangwendada.co",
    "fuck.shangwendada.co",
    "fuyang.shangwendada.co",
    "foshan.shangwendada.co",
    "fund.shangwendada.co",
    "fuke.shangwendada.co",
    "fy.shangwendada.co",
    "fw.shangwendada.co",
    "free.shangwendada.co",
    "g3.shangwendada.co",
    "fz.shangwendada.co",
    "fun.shangwendada.co",
    "g1.shangwendada.co",
    "g.shangwendada.co",
    "ganzhou.shangwendada.co",
    "gansu.shangwendada.co",
    "g5.shangwendada.co",
    "ga.shangwendada.co",
    "galerieslafayette.shangwendada.co",
    "fx.shangwendada.co",
    "game.shangwendada.co",
    "fuxin.shangwendada.co",
    "fushun.shangwendada.co",
    "gg.shangwendada.co",
    "games.shangwendada.co",
    "garden.shangwendada.co",
    "gb.shangwendada.co",
    "gc.shangwendada.co",
    "gh.shangwendada.co",
    "gd.shangwendada.co",
    "gitlab.shangwendada.co",
    "git.shangwendada.co",
    "g2.shangwendada.co",
    "ganzi.shangwendada.co",
    "gengxin.shangwendada.co",
    "ggg.shangwendada.co",
    "global.shangwendada.co",
    "gmarket.shangwendada.co",
    "gp.shangwendada.co",
    "gi.shangwendada.co",
    "good.shangwendada.co",
    "gk.shangwendada.co",
    "go.shangwendada.co",
    "gn.shangwendada.co",
    "gf.shangwendada.co",
    "gj.shangwendada.co",
    "gps.shangwendada.co",
    "gl.shangwendada.co",
    "gov.shangwendada.co",
    "gratuit.shangwendada.co",
    "gs.shangwendada.co",
    "guangyuan.shangwendada.co",
    "gt.shangwendada.co",
    "google.shangwendada.co",
    "group.shangwendada.co",
    "gslb-mmtrix.shangwendada.co",
    "guangan.shangwendada.co",
    "gm.shangwendada.co",
    "guanli.shangwendada.co",
    "gongyi.shangwendada.co",
    "guangzhou.shangwendada.co",
    "green.shangwendada.co",
    "gy.shangwendada.co",
    "guilin.shangwendada.co",
    "guigang.shangwendada.co",
    "gw.shangwendada.co",
    "guizhou.shangwendada.co",
    "h.shangwendada.co",
    "h5.shangwendada.co",
    "gz.shangwendada.co",
    "guoluo.shangwendada.co",
    "h1.shangwendada.co",
    "guyuan.shangwendada.co",
    "guiyang.shangwendada.co",
    "haerbin.shangwendada.co",
    "gx.shangwendada.co",
    "ha.shangwendada.co",
    "haibei.shangwendada.co",
    "haicheng.shangwendada.co",
    "haining.shangwendada.co",
    "hainan.shangwendada.co",
    "haidong.shangwendada.co",
    "handan.shangwendada.co",
    "guide.shangwendada.co",
    "haoleav.shangwendada.co",
    "hao.shangwendada.co",
    "hao123.shangwendada.co",
    "hc.shangwendada.co",
    "hanzhong.shangwendada.co",
    "hb.shangwendada.co",
    "hangzhou.shangwendada.co",
    "hd.shangwendada.co",
    "hefei.shangwendada.co",
    "hegang.shangwendada.co",
    "hami.shangwendada.co",
    "hengshui.shangwendada.co",
    "haikou.shangwendada.co",
    "hebei.shangwendada.co",
    "hebi.shangwendada.co",
    "henan.shangwendada.co",
    "heihe.shangwendada.co",
    "hexian.shangwendada.co",
    "hefeng.shangwendada.co",
    "health.shangwendada.co",
    "henhenlu.shangwendada.co",
    "he.shangwendada.co",
    "heze.shangwendada.co",
    "hezhou.shangwendada.co",
    "help.shangwendada.co",
    "hf.shangwendada.co",
    "hhh.shangwendada.co",
    "hetian.shangwendada.co",
    "hengyang.shangwendada.co",
    "history.shangwendada.co",
    "heyuan.shangwendada.co",
    "hk.shangwendada.co",
    "hlbe.shangwendada.co",
    "hk1.shangwendada.co",
    "hhl.shangwendada.co",
    "hj.shangwendada.co",
    "hh.shangwendada.co",
    "hhs.shangwendada.co",
    "hl.shangwendada.co",
    "hn.shangwendada.co",
    "hg.shangwendada.co",
    "hnzz.shangwendada.co",
    "hlj.shangwendada.co",
    "home.shangwendada.co",
    "hld.shangwendada.co",
    "hm.shangwendada.co",
    "hi.shangwendada.co",
    "host2.shangwendada.co",
    "host1.shangwendada.co",
    "hnh.shangwendada.co",
    "hlr.shangwendada.co",
    "hk2.shangwendada.co",
    "hot.shangwendada.co",
    "house.shangwendada.co",
    "hotel.shangwendada.co",
    "ht.shangwendada.co",
    "hu.shangwendada.co",
    "hq.shangwendada.co",
    "honghe.shangwendada.co",
    "hs.shangwendada.co",
    "huaian.shangwendada.co",
    "host.shangwendada.co",
    "huaibei.shangwendada.co",
    "hubei.shangwendada.co",
    "huainan.shangwendada.co",
    "huhehaote.shangwendada.co",
    "hr.shangwendada.co",
    "huizhou.shangwendada.co",
    "hp.shangwendada.co",
    "hrb.shangwendada.co",
    "html.shangwendada.co",
    "hshi.shangwendada.co",
    "hunan.shangwendada.co",
    "huaihua.shangwendada.co",
    "houtai.shangwendada.co",
    "hz.shangwendada.co",
    "hw.shangwendada.co",
    "huodong.shangwendada.co",
    "hwpop.shangwendada.co",
    "i.shangwendada.co",
    "huangnan.shangwendada.co",
    "huangshi.shangwendada.co",
    "idc.shangwendada.co",
    "hx.shangwendada.co",
    "huanggang.shangwendada.co",
    "ie.shangwendada.co",
    "huludao.shangwendada.co",
    "hwsmtp.shangwendada.co",
    "im.shangwendada.co",
    "img.shangwendada.co",
    "iask.shangwendada.co",
    "i2.shangwendada.co",
    "id.shangwendada.co",
    "image.shangwendada.co",
    "huzhou.shangwendada.co",
    "icloud.shangwendada.co",
    "images2.shangwendada.co",
    "huangshan.shangwendada.co",
    "img0.shangwendada.co",
    "images.shangwendada.co",
    "img2.shangwendada.co",
    "img3.shangwendada.co",
    "img5.shangwendada.co",
    "importants.shangwendada.co",
    "img4.shangwendada.co",
    "img01.shangwendada.co",
    "img8.shangwendada.co",
    "img7.shangwendada.co",
    "hy.shangwendada.co",
    "imgs.shangwendada.co",
    "imap.shangwendada.co",
    "i1.shangwendada.co",
    "img1.shangwendada.co",
    "index.shangwendada.co",
    "interface.shangwendada.co",
    "j.shangwendada.co",
    "iphone.shangwendada.co",
    "info.shangwendada.co",
    "ios.shangwendada.co",
    "ip.shangwendada.co",
    "iwap.shangwendada.co",
    "jb.shangwendada.co",
    "ipv6.shangwendada.co",
    "ja.shangwendada.co",
    "img6.shangwendada.co",
    "jenkins.shangwendada.co",
    "ismart.shangwendada.co",
    "jennyfer.shangwendada.co",
    "it.shangwendada.co",
    "jh.shangwendada.co",
    "jiaju.shangwendada.co",
    "jc.shangwendada.co",
    "jcc.shangwendada.co",
    "item.shangwendada.co",
    "jiangxi.shangwendada.co",
    "jiangmen.shangwendada.co",
    "jia.shangwendada.co",
    "jhs.shangwendada.co",
    "jiangyan.shangwendada.co",
    "jiangsu.shangwendada.co",
    "jinchang.shangwendada.co",
    "jinan.shangwendada.co",
    "jincheng.shangwendada.co",
    "jiamusi.shangwendada.co",
    "jd.shangwendada.co",
    "jimo.shangwendada.co",
    "jiaxing.shangwendada.co",
    "jdz.shangwendada.co",
    "jf.shangwendada.co",
    "jinzhong.shangwendada.co",
    "jiaozuo.shangwendada.co",
    "jiangyin.shangwendada.co",
    "jian.shangwendada.co",
    "jinzhou.shangwendada.co",
    "jira.shangwendada.co",
    "jiankang.shangwendada.co",
    "jingjiang.shangwendada.co",
    "jining.shangwendada.co",
    "jiujiang.shangwendada.co",
    "jizz.shangwendada.co",
    "jinjiang.shangwendada.co",
    "jiyuan.shangwendada.co",
    "jingdezhen.shangwendada.co",
    "jiuquan.shangwendada.co",
    "jixi.shangwendada.co",
    "jj.shangwendada.co",
    "jilin.shangwendada.co",
    "jm.shangwendada.co",
    "jingmen.shangwendada.co",
    "jintan.shangwendada.co",
    "jr.shangwendada.co",
    "jjj.shangwendada.co",
    "jk.shangwendada.co",
    "jinhua.shangwendada.co",
    "jingzhou.shangwendada.co",
    "jl.shangwendada.co",
    "jq.shangwendada.co",
    "jms.shangwendada.co",
    "job.shangwendada.co",
    "jn.shangwendada.co",
    "jp.shangwendada.co",
    "jt.shangwendada.co",
    "juventus.shangwendada.co",
    "jy.shangwendada.co",
    "jump.shangwendada.co",
    "jyg.shangwendada.co",
    "jx.shangwendada.co",
    "ka.shangwendada.co",
    "kaifeng.shangwendada.co",
    "jslverify.shangwendada.co",
    "js.shangwendada.co",
    "jusqu.shangwendada.co",
    "kaiyuan.shangwendada.co",
    "kc.shangwendada.co",
    "kaili.shangwendada.co",
    "kel.shangwendada.co",
    "klmy.shangwendada.co",
    "kelamayi.shangwendada.co",
    "k.shangwendada.co",
    "kj.shangwendada.co",
    "kr.shangwendada.co",
    "kf.shangwendada.co",
    "jw.shangwendada.co",
    "kh.shangwendada.co",
    "kk44kk.shangwendada.co",
    "kkk.shangwendada.co",
    "kb.shangwendada.co",
    "kk.shangwendada.co",
    "kefu.shangwendada.co",
    "km.shangwendada.co",
    "jz.shangwendada.co",
    "kl.shangwendada.co",
    "la.shangwendada.co",
    "l.shangwendada.co",
    "klj.shangwendada.co",
    "kunming.shangwendada.co",
    "lady.shangwendada.co",
    "kzls.shangwendada.co",
    "laibin.shangwendada.co",
    "lab.shangwendada.co",
    "kq.shangwendada.co",
    "kunshan.shangwendada.co",
    "lai.shangwendada.co",
    "ld.shangwendada.co",
    "kuerle.shangwendada.co",
    "kt.shangwendada.co",
    "ks.shangwendada.co",
    "laredoute.shangwendada.co",
    "laizhou.shangwendada.co",
    "laiwu.shangwendada.co",
    "lb.shangwendada.co",
    "laifeng.shangwendada.co",
    "lc.shangwendada.co",
    "langfang.shangwendada.co",
    "learning.shangwendada.co",
    "le.shangwendada.co",
    "les.shangwendada.co",
    "ledong.shangwendada.co",
    "leshan.shangwendada.co",
    "lf.shangwendada.co",
    "lhc.shangwendada.co",
    "lhzs.shangwendada.co",
    "lanzhou.shangwendada.co",
    "lasa.shangwendada.co",
    "lg.shangwendada.co",
    "leche.shangwendada.co",
    "liaoyang.shangwendada.co",
    "lh.shangwendada.co",
    "lijiang.shangwendada.co",
    "liaocheng.shangwendada.co",
    "liaoyuan.shangwendada.co",
    "lichuan.shangwendada.co",
    "lianyungang.shangwendada.co",
    "life.shangwendada.co",
    "liaoning.shangwendada.co",
    "linfen.shangwendada.co",
    "linan.shangwendada.co",
    "lingbao.shangwendada.co",
    "light.shangwendada.co",
    "lingshui.shangwendada.co",
    "linode.shangwendada.co",
    "lib.shangwendada.co",
    "linxia.shangwendada.co",
    "lishui.shangwendada.co",
    "link.shangwendada.co",
    "linyixian.shangwendada.co",
    "lincang.shangwendada.co",
    "lingao.shangwendada.co",
    "line.shangwendada.co",
    "linzhi.shangwendada.co",
    "liuan.shangwendada.co",
    "list.shangwendada.co",
    "lingcang.shangwendada.co",
    "local.shangwendada.co",
    "ll.shangwendada.co",
    "liuzhou.shangwendada.co",
    "linyi.shangwendada.co",
    "livraison.shangwendada.co",
    "lj.shangwendada.co",
    "localhost.shangwendada.co",
    "lls.shangwendada.co",
    "live.shangwendada.co",
    "login.shangwendada.co",
    "liupanshui.shangwendada.co",
    "lol.shangwendada.co",
    "longyan.shangwendada.co",
    "lt.shangwendada.co",
    "lotto.shangwendada.co",
    "loudi.shangwendada.co",
    "love.shangwendada.co",
    "load.shangwendada.co",
    "luohe.shangwendada.co",
    "lm.shangwendada.co",
    "log.shangwendada.co",
    "liyang.shangwendada.co",
    "luzhou.shangwendada.co",
    "ls.shangwendada.co",
    "lz.shangwendada.co",
    "lvliang.shangwendada.co",
    "m.shangwendada.co",
    "m2.shangwendada.co",
    "lw.shangwendada.co",
    "luoyang.shangwendada.co",
    "ly.shangwendada.co",
    "ln.shangwendada.co",
    "lv.shangwendada.co",
    "lps.shangwendada.co",
    "lx.shangwendada.co",
    "m4.shangwendada.co",
    "mail10.shangwendada.co",
    "m1.shangwendada.co",
    "mail11.shangwendada.co",
    "m5.shangwendada.co",
    "maanshan.shangwendada.co",
    "mail12.shangwendada.co",
    "ma.shangwendada.co",
    "mac.shangwendada.co",
    "mail.shangwendada.co",
    "mail1.shangwendada.co",
    "mail3.shangwendada.co",
    "mail9.shangwendada.co",
    "mail2.shangwendada.co",
    "mail4.shangwendada.co",
    "mail13.shangwendada.co",
    "long.shangwendada.co",
    "mail5.shangwendada.co",
    "mail7.shangwendada.co",
    "mail8.shangwendada.co",
    "main.shangwendada.co",
    "mall.shangwendada.co",
    "lyncdiscover.shangwendada.co",
    "manager.shangwendada.co",
    "lyg.shangwendada.co",
    "lvyou.shangwendada.co",
    "looks.shangwendada.co",
    "map.shangwendada.co",
    "m3.shangwendada.co",
    "market.shangwendada.co",
    "mc.shangwendada.co",
    "maoming.shangwendada.co",
    "mas.shangwendada.co",
    "man.shangwendada.co",
    "mail6.shangwendada.co",
    "mdj.shangwendada.co",
    "maka.shangwendada.co",
    "md.shangwendada.co",
    "mb.shangwendada.co",
    "meinv.shangwendada.co",
    "meet.shangwendada.co",
    "me.shangwendada.co",
    "manage.shangwendada.co",
    "maps.shangwendada.co",
    "master.shangwendada.co",
    "meeting.shangwendada.co",
    "meizu.shangwendada.co",
    "member.shangwendada.co",
    "mango.shangwendada.co",
    "message.shangwendada.co",
    "max.shangwendada.co",
    "mianyang.shangwendada.co",
    "mini.shangwendada.co",
    "metronews.shangwendada.co",
    "mi.shangwendada.co",
    "mg.shangwendada.co",
    "mf.shangwendada.co",
    "mim.shangwendada.co",
    "mh.shangwendada.co",
    "mj.shangwendada.co",
    "mil.shangwendada.co",
    "mino.shangwendada.co",
    "missguidedfr.shangwendada.co",
    "mir.shangwendada.co",
    "marques.shangwendada.co",
    "mkt.shangwendada.co",
    "mn.shangwendada.co",
    "mmm.shangwendada.co",
    "mo.shangwendada.co",
    "mk.shangwendada.co",
    "mms.shangwendada.co",
    "mm.shangwendada.co",
    "modes.shangwendada.co",
    "moins.shangwendada.co",
    "meishi.shangwendada.co",
    "meishan.shangwendada.co",
    "media.shangwendada.co",
    "money.shangwendada.co",
    "mob.shangwendada.co",
    "moyen.shangwendada.co",
    "mp.shangwendada.co",
    "meizhou.shangwendada.co",
    "mp3.shangwendada.co",
    "model.shangwendada.co",
    "mobile.shangwendada.co",
    "music.shangwendada.co",
    "movie.shangwendada.co",
    "mv.shangwendada.co",
    "mvip88888.shangwendada.co",
    "mobi.shangwendada.co",
    "mr.shangwendada.co",
    "mx.shangwendada.co",
    "ms.shangwendada.co",
    "mt.shangwendada.co",
    "mpingpong.shangwendada.co",
    "msg.shangwendada.co",
    "mudanjiang.shangwendada.co",
    "ml.shangwendada.co",
    "mmmm.shangwendada.co",
    "mu.shangwendada.co",
    "msoid.shangwendada.co",
    "monitor.shangwendada.co",
    "mx1.shangwendada.co",
    "my.shangwendada.co",
    "mz.shangwendada.co",
    "nanchang.shangwendada.co",
    "mx2.shangwendada.co",
    "n.shangwendada.co",
    "nanchong.shangwendada.co",
    "nanping.shangwendada.co",
    "nanning.shangwendada.co",
    "neijiang.shangwendada.co",
    "nanan.shangwendada.co",
    "nanyang.shangwendada.co",
    "nantong.shangwendada.co",
    "news.shangwendada.co",
    "nb.shangwendada.co",
    "nc.shangwendada.co",
    "nba.shangwendada.co",
    "nas.shangwendada.co",
    "net.shangwendada.co",
    "nanke.shangwendada.co",
    "nanjing.shangwendada.co",
    "nd.shangwendada.co",
    "ningbo.shangwendada.co",
    "nexus.shangwendada.co",
    "ningde.shangwendada.co",
    "note.shangwendada.co",
    "nmg.shangwendada.co",
    "mysql.shangwendada.co",
    "nk.shangwendada.co",
    "nj.shangwendada.co",
    "now.shangwendada.co",
    "nn.shangwendada.co",
    "notice.shangwendada.co",
    "newsletter.shangwendada.co",
    "new.shangwendada.co",
    "notify.shangwendada.co",
    "nl.shangwendada.co",
    "np.shangwendada.co",
    "ns1.shangwendada.co",
    "ns.shangwendada.co",
    "nq.shangwendada.co",
    "ns2.shangwendada.co",
    "no.shangwendada.co",
    "ns3.shangwendada.co",
    "o2o.shangwendada.co",
    "nt.shangwendada.co",
    "nm.shangwendada.co",
    "office.shangwendada.co",
    "ok.shangwendada.co",
    "offerts.shangwendada.co",
    "ny.shangwendada.co",
    "ns4.shangwendada.co",
    "o.shangwendada.co",
    "on.shangwendada.co",
    "nt168.shangwendada.co",
    "oa.shangwendada.co",
    "nujiang.shangwendada.co",
    "one.shangwendada.co",
    "open.shangwendada.co",
    "old.shangwendada.co",
    "nz.shangwendada.co",
    "online.shangwendada.co",
    "nx.shangwendada.co",
    "outlet.shangwendada.co",
    "panjin.shangwendada.co",
    "pantalon.shangwendada.co",
    "p1.shangwendada.co",
    "park.shangwendada.co",
    "os.shangwendada.co",
    "op.shangwendada.co",
    "order.shangwendada.co",
    "p3.shangwendada.co",
    "openapi.shangwendada.co",
    "partner.shangwendada.co",
    "pan.shangwendada.co",
    "p2p.shangwendada.co",
    "p2.shangwendada.co",
    "panier.shangwendada.co",
    "passport.shangwendada.co",
    "oss.shangwendada.co",
    "pay2.shangwendada.co",
    "p.shangwendada.co",
    "panzhihua.shangwendada.co",
    "payment.shangwendada.co",
    "pe.shangwendada.co",
    "payer.shangwendada.co",
    "peu.shangwendada.co",
    "pdf.shangwendada.co",
    "peixun.shangwendada.co",
    "pi.shangwendada.co",
    "pc.shangwendada.co",
    "pay1.shangwendada.co",
    "pds.shangwendada.co",
    "pay.shangwendada.co",
    "photo.shangwendada.co",
    "pf.shangwendada.co",
    "pic1.shangwendada.co",
    "penglai.shangwendada.co",
    "php.shangwendada.co",
    "phone.shangwendada.co",
    "pingdu.shangwendada.co",
    "pili-zeus.shangwendada.co",
    "pic.shangwendada.co",
    "peut.shangwendada.co",
    "pinghu.shangwendada.co",
    "plaisir.shangwendada.co",
    "pingdingshan.shangwendada.co",
    "pingliang.shangwendada.co",
    "pinglun.shangwendada.co",
    "pingxiang.shangwendada.co",
    "pic2.shangwendada.co",
    "pk.shangwendada.co",
    "pj.shangwendada.co",
    "play.shangwendada.co",
    "phpmyadmin.shangwendada.co",
    "pod.shangwendada.co",
    "pour.shangwendada.co",
    "pms.shangwendada.co",
    "pop.shangwendada.co",
    "product.shangwendada.co",
    "pos.shangwendada.co",
    "produits.shangwendada.co",
    "portal.shangwendada.co",
    "pp.shangwendada.co",
    "pld.shangwendada.co",
    "profitez.shangwendada.co",
    "pr.shangwendada.co",
    "project.shangwendada.co",
    "pingpong.shangwendada.co",
    "pma.shangwendada.co",
    "prix.shangwendada.co",
    "pop3.shangwendada.co",
    "post.shangwendada.co",
    "promos.shangwendada.co",
    "promod.shangwendada.co",
    "pl.shangwendada.co",
    "pm.shangwendada.co",
    "ps.shangwendada.co",
    "py.shangwendada.co",
    "pro.shangwendada.co",
    "proxy.shangwendada.co",
    "propos.shangwendada.co",
    "q.shangwendada.co",
    "putizi.shangwendada.co",
    "push.shangwendada.co",
    "pub.shangwendada.co",
    "putizipifa.shangwendada.co",
    "pt.shangwendada.co",
    "pure.shangwendada.co",
    "px.shangwendada.co",
    "public.shangwendada.co",
    "q2.shangwendada.co",
    "promotions.shangwendada.co",
    "putian.shangwendada.co",
    "qdn.shangwendada.co",
    "qb.shangwendada.co",
    "puyang.shangwendada.co",
    "qg.shangwendada.co",
    "qa.shangwendada.co",
    "qc.shangwendada.co",
    "qdf.shangwendada.co",
    "qiannan.shangwendada.co",
    "qingdao.shangwendada.co",
    "qhd.shangwendada.co",
    "qd.shangwendada.co",
    "q1.shangwendada.co",
    "qingyuan.shangwendada.co",
    "qianjiang.shangwendada.co",
    "q3.shangwendada.co",
    "qionghai.shangwendada.co",
    "qinzhou.shangwendada.co",
    "qm.shangwendada.co",
    "qh.shangwendada.co",
    "qingyang.shangwendada.co",
    "qqhr.shangwendada.co",
    "qingzhou.shangwendada.co",
    "qiqihaer.shangwendada.co",
    "qinhuangdao.shangwendada.co",
    "qqq.shangwendada.co",
    "qiye.shangwendada.co",
    "qingxu.shangwendada.co",
    "quanzhou.shangwendada.co",
    "quan.shangwendada.co",
    "quiz.shangwendada.co",
    "quhui.shangwendada.co",
    "qiongzhong.shangwendada.co",
    "qj.shangwendada.co",
    "qidong.shangwendada.co",
    "qq.shangwendada.co",
    "qn.shangwendada.co",
    "qualite.shangwendada.co",
    "qs.shangwendada.co",
    "quiz1.shangwendada.co",
    "qitaihe.shangwendada.co",
    "qth.shangwendada.co",
    "qt.shangwendada.co",
    "quiz12.shangwendada.co",
    "qp.shangwendada.co",
    "quiz14.shangwendada.co",
    "quiz5.shangwendada.co",
    "quiz10.shangwendada.co",
    "quiz11.shangwendada.co",
    "quiz17.shangwendada.co",
    "quiz13.shangwendada.co",
    "quiz20.shangwendada.co",
    "quiz19.shangwendada.co",
    "quiz4.shangwendada.co",
    "quiz3.shangwendada.co",
    "qx.shangwendada.co",
    "quiz16.shangwendada.co",
    "quiz18.shangwendada.co",
    "quiz88.shangwendada.co",
    "qxw.shangwendada.co",
    "quiz7.shangwendada.co",
    "quiz8.shangwendada.co",
    "quiz6.shangwendada.co",
    "qujing.shangwendada.co",
    "quiz15.shangwendada.co",
    "quiz2.shangwendada.co",
    "quzhou.shangwendada.co",
    "reduits.shangwendada.co",
    "reg.shangwendada.co",
    "qy.shangwendada.co",
    "qz.shangwendada.co",
    "rabais.shangwendada.co",
    "report.shangwendada.co",
    "quiz9.shangwendada.co",
    "read.shangwendada.co",
    "redmine.shangwendada.co",
    "qxn.shangwendada.co",
    "rc.shangwendada.co",
    "radio.shangwendada.co",
    "rd.shangwendada.co",
    "rikaze.shangwendada.co",
    "res.shangwendada.co",
    "resource.shangwendada.co",
    "rizhao.shangwendada.co",
    "qwe.shangwendada.co",
    "reductions.shangwendada.co",
    "rj.shangwendada.co",
    "rugao.shangwendada.co",
    "r.shangwendada.co",
    "resources.shangwendada.co",
    "s1.shangwendada.co",
    "room.shangwendada.co",
    "rs.shangwendada.co",
    "rrr.shangwendada.co",
    "ruian.shangwendada.co",
    "s0.shangwendada.co",
    "s.shangwendada.co",
    "rkz.shangwendada.co",
    "ru.shangwendada.co",
    "s3.shangwendada.co",
    "review.shangwendada.co",
    "rl.shangwendada.co",
    "rtx.shangwendada.co",
    "s2.shangwendada.co",
    "sale.shangwendada.co",
    "rz.shangwendada.co",
    "s5.shangwendada.co",
    "saison.shangwendada.co",
    "sa.shangwendada.co",
    "rss.shangwendada.co",
    "sanming.shangwendada.co",
    "sansha.shangwendada.co",
    "s7.shangwendada.co",
    "sanya.shangwendada.co",
    "s8.shangwendada.co",
    "s6.shangwendada.co",
    "s9.shangwendada.co",
    "sanmenxia.shangwendada.co",
    "s4.shangwendada.co",
    "satisfait.shangwendada.co",
    "sales.shangwendada.co",
    "sarenza.shangwendada.co",
    "safe.shangwendada.co",
    "se.shangwendada.co",
    "sdk.shangwendada.co",
    "send.shangwendada.co",
    "sb.shangwendada.co",
    "securise.shangwendada.co",
    "sctrack.shangwendada.co",
    "server.shangwendada.co",
    "server2.shangwendada.co",
    "school.shangwendada.co",
    "service.shangwendada.co",
    "search.shangwendada.co",
    "sd.shangwendada.co",
    "sendmail.shangwendada.co",
    "scnj.shangwendada.co",
    "sc.shangwendada.co",
    "sf.shangwendada.co",
    "server1.shangwendada.co",
    "sex.shangwendada.co",
    "shangluo.shangwendada.co",
    "shandong.shangwendada.co",
    "seo.shangwendada.co",
    "services.shangwendada.co",
    "shangrao.shangwendada.co",
    "shangqiu.shangwendada.co",
    "sense.shangwendada.co",
    "shanxi.shangwendada.co",
    "sh.shangwendada.co",
    "sg.shangwendada.co",
    "shaoyang.shangwendada.co",
    "shanghai.shangwendada.co",
    "share.shangwendada.co",
    "shaoxing.shangwendada.co",
    "shishi.shangwendada.co",
    "shijiazhuang.shangwendada.co",
    "shenzhen.shangwendada.co",
    "shihezi.shangwendada.co",
    "shaanxi.shangwendada.co",
    "shop.shangwendada.co",
    "shiyan.shangwendada.co",
    "shaoguan.shangwendada.co",
    "sharp.shangwendada.co",
    "shouji.shangwendada.co",
    "show.shangwendada.co",
    "site.shangwendada.co",
    "shuangyashan.shangwendada.co",
    "shouguang.shangwendada.co",
    "shantou.shangwendada.co",
    "shuozhou.shangwendada.co",
    "sj.shangwendada.co",
    "shz.shangwendada.co",
    "sjz.shangwendada.co",
    "simao.shangwendada.co",
    "sitemap.shangwendada.co",
    "sip.shangwendada.co",
    "siping.shangwendada.co",
    "shenyang.shangwendada.co",
    "sjlp.shangwendada.co",
    "sites.shangwendada.co",
    "sl.shangwendada.co",
    "smm.shangwendada.co",
    "sk.shangwendada.co",
    "sina.shangwendada.co",
    "sms.shangwendada.co",
    "shuyang.shangwendada.co",
    "smx.shangwendada.co",
    "sn.shangwendada.co",
    "snj.shangwendada.co",
    "sns.shangwendada.co",
    "soso.shangwendada.co",
    "soft.shangwendada.co",
    "so.shangwendada.co",
    "sp.shangwendada.co",
    "solde.shangwendada.co",
    "sky.shangwendada.co",
    "smart.shangwendada.co",
    "special.shangwendada.co",
    "space.shangwendada.co",
    "soldes.shangwendada.co",
    "songyuan.shangwendada.co",
    "sont.shangwendada.co",
    "smtp.shangwendada.co",
    "sm.shangwendada.co",
    "sou.shangwendada.co",
    "sogou.shangwendada.co",
    "sports.shangwendada.co",
    "sq.shangwendada.co",
    "spf.shangwendada.co",
    "sqqvod.shangwendada.co",
    "sql.shangwendada.co",
    "static.shangwendada.co",
    "static2.shangwendada.co",
    "ssc.shangwendada.co",
    "status.shangwendada.co",
    "ssl.shangwendada.co",
    "source.shangwendada.co",
    "sr.shangwendada.co",
    "ssh.shangwendada.co",
    "st.shangwendada.co",
    "star.shangwendada.co",
    "stmp.shangwendada.co",
    "sss.shangwendada.co",
    "sport.shangwendada.co",
    "statics.shangwendada.co",
    "ss.shangwendada.co",
    "super.shangwendada.co",
    "stat.shangwendada.co",
    "study.shangwendada.co",
    "suihua.shangwendada.co",
    "sur.shangwendada.co",
    "styles.shangwendada.co",
    "sso.shangwendada.co",
    "stock.shangwendada.co",
    "suqian.shangwendada.co",
    "story.shangwendada.co",
    "style.shangwendada.co",
    "store.shangwendada.co",
    "stats.shangwendada.co",
    "survey.shangwendada.co",
    "surprise.shangwendada.co",
    "suyu.shangwendada.co",
    "support.shangwendada.co",
    "sv.shangwendada.co",
    "svip.shangwendada.co",
    "suining.shangwendada.co",
    "svn.shangwendada.co",
    "su.shangwendada.co",
    "suizhou.shangwendada.co",
    "swt.shangwendada.co",
    "sw.shangwendada.co",
    "swap.shangwendada.co",
    "suzhou.shangwendada.co",
    "sxd.shangwendada.co",
    "sx.shangwendada.co",
    "sys.shangwendada.co",
    "sy.shangwendada.co",
    "system.shangwendada.co",
    "sz.shangwendada.co",
    "szs.shangwendada.co",
    "t1.shangwendada.co",
    "t.shangwendada.co",
    "tacheng.shangwendada.co",
    "taiyuan.shangwendada.co",
    "t3.shangwendada.co",
    "tangshan.shangwendada.co",
    "taicang.shangwendada.co",
    "t2.shangwendada.co",
    "ta.shangwendada.co",
    "taian.shangwendada.co",
    "talk.shangwendada.co",
    "t4.shangwendada.co",
    "tao.shangwendada.co",
    "taixing.shangwendada.co",
    "td.shangwendada.co",
    "tc.shangwendada.co",
    "tdm.shangwendada.co",
    "tag.shangwendada.co",
    "team.shangwendada.co",
    "taizhou.shangwendada.co",
    "taobao.shangwendada.co",
    "tengzhou.shangwendada.co",
    "tech.shangwendada.co",
    "temp.shangwendada.co",
    "test.shangwendada.co",
    "test1.shangwendada.co",
    "tggbaidu.shangwendada.co",
    "tb.shangwendada.co",
    "tieling.shangwendada.co",
    "test2.shangwendada.co",
    "th.shangwendada.co",
    "tg.shangwendada.co",
    "tianshui.shangwendada.co",
    "think.shangwendada.co",
    "task.shangwendada.co",
    "tianmen.shangwendada.co",
    "tj.shangwendada.co",
    "tieba.shangwendada.co",
    "time.shangwendada.co",
    "test3.shangwendada.co",
    "tlf.shangwendada.co",
    "tk.shangwendada.co",
    "tl.shangwendada.co",
    "tm.shangwendada.co",
    "tmp.shangwendada.co",
    "tongchuan.shangwendada.co",
    "tmall.shangwendada.co",
    "tongcheng.shangwendada.co",
    "tf.shangwendada.co",
    "toupiao.shangwendada.co",
    "tongliao.shangwendada.co",
    "top.shangwendada.co",
    "tianjin.shangwendada.co",
    "tpfd.shangwendada.co",
    "tongji.shangwendada.co",
    "tongren.shangwendada.co",
    "track.shangwendada.co",
    "tmsk.shangwendada.co",
    "topic.shangwendada.co",
    "tool.shangwendada.co",
    "tools.shangwendada.co",
    "tp.shangwendada.co",
    "tonghua.shangwendada.co",
    "trade.shangwendada.co",
    "tr.shangwendada.co",
    "travel.shangwendada.co",
    "tongling.shangwendada.co",
    "tt.shangwendada.co",
    "ts.shangwendada.co",
    "tongxiang.shangwendada.co",
    "tw.shangwendada.co",
    "tui.shangwendada.co",
    "tuku.shangwendada.co",
    "tulufan.shangwendada.co",
    "tunchang.shangwendada.co",
    "tx.shangwendada.co",
    "ty.shangwendada.co",
    "tu.shangwendada.co",
    "u.shangwendada.co",
    "tz.shangwendada.co",
    "ttt.shangwendada.co",
    "tv.shangwendada.co",
    "uk.shangwendada.co",
    "txt.shangwendada.co",
    "tupian.shangwendada.co",
    "tuan.shangwendada.co",
    "url.shangwendada.co",
    "un.shangwendada.co",
    "upload.shangwendada.co",
    "uc.shangwendada.co",
    "ucenter.shangwendada.co",
    "us.shangwendada.co",
    "us1.shangwendada.co",
    "usa.shangwendada.co",
    "uu.shangwendada.co",
    "union.shangwendada.co",
    "update.shangwendada.co",
    "up.shangwendada.co",
    "v1.shangwendada.co",
    "view.shangwendada.co",
    "uuu.shangwendada.co",
    "vip.shangwendada.co",
    "v2-ag.shangwendada.co",
    "v.shangwendada.co",
    "v3.shangwendada.co",
    "vip1.shangwendada.co",
    "v5.shangwendada.co",
    "v4.shangwendada.co",
    "v6.shangwendada.co",
    "vip2.shangwendada.co",
    "user.shangwendada.co",
    "ventes.shangwendada.co",
    "video.shangwendada.co",
    "vip3.shangwendada.co",
    "vip4.shangwendada.co",
    "vip66666.shangwendada.co",
    "vip6.shangwendada.co",
    "vip88888.shangwendada.co",
    "vip5678.shangwendada.co",
    "vitrines.shangwendada.co",
    "visiter.shangwendada.co",
    "vip3699.shangwendada.co",
    "vod.shangwendada.co",
    "vraies.shangwendada.co",
    "voice.shangwendada.co",
    "v2.shangwendada.co",
    "vpn2.shangwendada.co",
    "vpn.shangwendada.co",
    "vv.shangwendada.co",
    "vote.shangwendada.co",
    "vvvv.shangwendada.co",
    "vvv.shangwendada.co",
    "vous.shangwendada.co",
    "vvwvv.shangwendada.co",
    "vont.shangwendada.co",
    "vvw.shangwendada.co",
    "vip8.shangwendada.co",
    "vvww.shangwendada.co",
    "vvwwv.shangwendada.co",
    "vwvv.shangwendada.co",
    "vwv.shangwendada.co",
    "vwvw.shangwendada.co",
    "vwwv.shangwendada.co",
    "w.shangwendada.co",
    "w3.shangwendada.co",
    "w1.shangwendada.co",
    "vps.shangwendada.co",
    "wan.shangwendada.co",
    "vvvvv.shangwendada.co",
    "wak.shangwendada.co",
    "w6.shangwendada.co",
    "wang.shangwendada.co",
    "wap1.shangwendada.co",
    "wap.shangwendada.co",
    "wap2.shangwendada.co",
    "wa.shangwendada.co",
    "w2.shangwendada.co",
    "web.shangwendada.co",
    "wap3.shangwendada.co",
    "wapgt.shangwendada.co",
    "vww.shangwendada.co",
    "wapzdy.shangwendada.co",
    "wawawa.shangwendada.co",
    "wd.shangwendada.co",
    "wb.shangwendada.co",
    "w5.shangwendada.co",
    "we.shangwendada.co",
    "wc.shangwendada.co",
    "web1.shangwendada.co",
    "weixin.shangwendada.co",
    "web2.shangwendada.co",
    "webmail.shangwendada.co",
    "webapp.shangwendada.co",
    "watch.shangwendada.co",
    "weihai.shangwendada.co",
    "wechat.shangwendada.co",
    "wapzb.shangwendada.co",
    "wenda.shangwendada.co",
    "wenzhou.shangwendada.co",
    "wfd.shangwendada.co",
    "wh.shangwendada.co",
    "wiki.shangwendada.co",
    "weinan.shangwendada.co",
    "wenling.shangwendada.co",
    "wj.shangwendada.co",
    "wen.shangwendada.co",
    "wg.shangwendada.co",
    "wei.shangwendada.co",
    "weibo.shangwendada.co",
    "weifang.shangwendada.co",
    "weiku.shangwendada.co",
    "wo.shangwendada.co",
    "wenchang.shangwendada.co",
    "wifi.shangwendada.co",
    "wf.shangwendada.co",
    "wlk.shangwendada.co",
    "wm.shangwendada.co",
    "work.shangwendada.co",
    "wlmq.shangwendada.co",
    "wq.shangwendada.co",
    "wl.shangwendada.co",
    "wjq.shangwendada.co",
    "wp.shangwendada.co",
    "win.shangwendada.co",
    "wlik.shangwendada.co",
    "wulumuqi.shangwendada.co",
    "world.shangwendada.co",
    "wuwei.shangwendada.co",
    "wt.shangwendada.co",
    "wuhan.shangwendada.co",
    "wn.shangwendada.co",
    "wk.shangwendada.co",
    "wlcb.shangwendada.co",
    "wujiang.shangwendada.co",
    "woman.shangwendada.co",
    "wuxi.shangwendada.co",
    "wuyishan.shangwendada.co",
    "wuhai.shangwendada.co",
    "wuhu.shangwendada.co",
    "wvwv.shangwendada.co",
    "wvvvv.shangwendada.co",
    "wvvwv.shangwendada.co",
    "ww.shangwendada.co",
    "wvw.shangwendada.co",
    "wvwvv.shangwendada.co",
    "ws.shangwendada.co",
    "wuzhong.shangwendada.co",
    "ww3.shangwendada.co",
    "wvvw.shangwendada.co",
    "wwvv.shangwendada.co",
    "wwv.shangwendada.co",
    "wuzhou.shangwendada.co",
    "ww1.shangwendada.co",
    "ww2.shangwendada.co",
    "wvv.shangwendada.co",
    "www.shangwendada.co",
    "www11.shangwendada.co",
    "www1.shangwendada.co",
    "www14.shangwendada.co",
    "www0.shangwendada.co",
    "www15.shangwendada.co",
    "www17.shangwendada.co",
    "www10.shangwendada.co",
    "www19.shangwendada.co",
    "wwa.shangwendada.co",
    "www2.shangwendada.co",
    "www12.shangwendada.co",
    "wwvvv.shangwendada.co",
    "www24.shangwendada.co",
    "www18.shangwendada.co",
    "www13.shangwendada.co",
    "www5.shangwendada.co",
    "www23.shangwendada.co",
    "www6.shangwendada.co",
    "www16.shangwendada.co",
    "www21.shangwendada.co",
    "www4.shangwendada.co",
    "www20.shangwendada.co",
    "wwwa.shangwendada.co",
    "www7.shangwendada.co",
    "www22.shangwendada.co",
    "www25.shangwendada.co",
    "wwwww.shangwendada.co",
    "www3.shangwendada.co",
    "www9.shangwendada.co",
    "wx2.shangwendada.co",
    "wx.shangwendada.co",
    "www8.shangwendada.co",
    "wz.shangwendada.co",
    "wzs.shangwendada.co",
    "wy.shangwendada.co",
    "wwwi.shangwendada.co",
    "x1.shangwendada.co",
    "wx1.shangwendada.co",
    "wwwv.shangwendada.co",
    "xam.shangwendada.co",
    "xa.shangwendada.co",
    "wwww.shangwendada.co",
    "xf.shangwendada.co",
    "x.shangwendada.co",
    "xg.shangwendada.co",
    "xd.shangwendada.co",
    "xc.shangwendada.co",
    "xiamen.shangwendada.co",
    "xiangshan.shangwendada.co",
    "xh.shangwendada.co",
    "xiangxi.shangwendada.co",
    "wxtest.shangwendada.co",
    "xiang.shangwendada.co",
    "xianfeng.shangwendada.co",
    "xiangcheng.shangwendada.co",
    "xian.shangwendada.co",
    "xiangtan.shangwendada.co",
    "xiangfan.shangwendada.co",
    "xiantao.shangwendada.co",
    "xiangxiang.shangwendada.co",
    "xianning.shangwendada.co",
    "xingtai.shangwendada.co",
    "xiaogan.shangwendada.co",
    "xin.shangwendada.co",
    "xb.shangwendada.co",
    "xinyongka.shangwendada.co",
    "xining.shangwendada.co",
    "xianyang.shangwendada.co",
    "xiazai.shangwendada.co",
    "xinyang.shangwendada.co",
    "xinghua.shangwendada.co",
    "xiaoshan.shangwendada.co",
    "xinxiang.shangwendada.co",
    "xinji.shangwendada.co",
    "xichang.shangwendada.co",
    "xinyu.shangwendada.co",
    "xjtc.shangwendada.co",
    "xl.shangwendada.co",
    "xinyv.shangwendada.co",
    "xingyi.shangwendada.co",
    "xj.shangwendada.co",
    "xizang.shangwendada.co",
    "xiu.shangwendada.co",
    "xs.shangwendada.co",
    "xp.shangwendada.co",
    "xuancheng.shangwendada.co",
    "xt.shangwendada.co",
    "xuchang.shangwendada.co",
    "xn.shangwendada.co",
    "xm.shangwendada.co",
    "xuanen.shangwendada.co",
    "xinzhou.shangwendada.co",
    "xvideos.shangwendada.co",
    "xuzhou.shangwendada.co",
    "xw.shangwendada.co",
    "xy.shangwendada.co",
    "xyktx.shangwendada.co",
    "xxxxx.shangwendada.co",
    "y3.shangwendada.co",
    "xx.shangwendada.co",
    "y2.shangwendada.co",
    "y2002.shangwendada.co",
    "xxx.shangwendada.co",
    "xz.shangwendada.co",
    "ya.shangwendada.co",
    "y.shangwendada.co",
    "yanbian.shangwendada.co",
    "yanan.shangwendada.co",
    "xxoo.shangwendada.co",
    "yangjiang.shangwendada.co",
    "yangquan.shangwendada.co",
    "yancheng.shangwendada.co",
    "yanling.shangwendada.co",
    "yantai.shangwendada.co",
    "yaan.shangwendada.co",
    "yanzhou.shangwendada.co",
    "yangzhou.shangwendada.co",
    "yich.shangwendada.co",
    "yibin.shangwendada.co",
    "yichun.shangwendada.co",
    "yb.shangwendada.co",
    "yili.shangwendada.co",
    "yangchun.shangwendada.co",
    "ye321.shangwendada.co",
    "ydsy.shangwendada.co",
    "yd.shangwendada.co",
    "yg.shangwendada.co",
    "yingtan.shangwendada.co",
    "yanji.shangwendada.co",
    "yichang.shangwendada.co",
    "yh.shangwendada.co",
    "yingkou.shangwendada.co",
    "yinchuan.shangwendada.co",
    "yining.shangwendada.co",
    "yixing.shangwendada.co",
    "yk.shangwendada.co",
    "yiyang.shangwendada.co",
    "ylc.shangwendada.co",
    "yl.shangwendada.co",
    "ylc1.shangwendada.co",
    "yc.shangwendada.co",
    "yf.shangwendada.co",
    "yiwu.shangwendada.co",
    "ylk.shangwendada.co",
    "ys.shangwendada.co",
    "ymt.shangwendada.co",
    "yjs.shangwendada.co",
    "yn.shangwendada.co",
    "yj.shangwendada.co",
    "yongkang.shangwendada.co",
    "yongzhou.shangwendada.co",
    "ym.shangwendada.co",
    "yq.shangwendada.co",
    "youxi.shangwendada.co",
    "youjizz.shangwendada.co",
    "yuhuan.shangwendada.co",
    "yu.shangwendada.co",
    "yulecheng.shangwendada.co",
    "yuedu.shangwendada.co",
    "yule.shangwendada.co",
    "yt.shangwendada.co",
    "you.shangwendada.co",
    "yueyang.shangwendada.co",
    "yun.shangwendada.co",
    "yulin.shangwendada.co",
    "yyy.shangwendada.co",
    "yuxi.shangwendada.co",
    "yx.shangwendada.co",
    "yz.shangwendada.co",
    "yy.shangwendada.co",
    "yuzhou.shangwendada.co",
    "yxx.shangwendada.co",
    "yw.shangwendada.co",
    "yuyao.shangwendada.co",
    "z4.shangwendada.co",
    "z.shangwendada.co",
    "z5.shangwendada.co",
    "yzs.shangwendada.co",
    "z1.shangwendada.co",
    "zabbix.shangwendada.co",
    "z3.shangwendada.co",
    "z2.shangwendada.co",
    "yuncheng.shangwendada.co",
    "zalando.shangwendada.co",
    "zdy.shangwendada.co",
    "yyk.shangwendada.co",
    "yym.shangwendada.co",
    "zd.shangwendada.co",
    "zengcheng.shangwendada.co",
    "zhangbei.shangwendada.co",
    "zb.shangwendada.co",
    "zaozhuang.shangwendada.co",
    "zhangjiagang.shangwendada.co",
    "zhangzhou.shangwendada.co",
    "zhangjiajie.shangwendada.co",
    "zf.shangwendada.co",
    "zh.shangwendada.co",
    "zc.shangwendada.co",
    "zhangqiu.shangwendada.co",
    "zhangye.shangwendada.co",
    "zhaotong.shangwendada.co",
    "zg.shangwendada.co",
    "zhibo.shangwendada.co",
    "zhuhai.shangwendada.co",
    "zhaodong.shangwendada.co",
    "zhongshan.shangwendada.co",
    "zhengzhou.shangwendada.co",
    "zhidao.shangwendada.co",
    "zhanjiang.shangwendada.co",
    "zhangjiakou.shangwendada.co",
    "zhucheng.shangwendada.co",
    "zhumadian.shangwendada.co",
    "zhuzhou.shangwendada.co",
    "zhoukou.shangwendada.co",
    "zibo.shangwendada.co",
    "ziyang.shangwendada.co",
    "zlkhlbrl.shangwendada.co",
    "zhenjiang.shangwendada.co",
    "zigong.shangwendada.co",
    "zjk.shangwendada.co",
    "zhoushan.shangwendada.co",
    "zk.shangwendada.co",
    "zhuji.shangwendada.co",
    "zlkhrytz.shangwendada.co",
    "zt.shangwendada.co",
    "zl.shangwendada.co",
    "zone.shangwendada.co",
    "zoucheng.shangwendada.co",
    "zj.shangwendada.co",
    "zx.shangwendada.co",
    "zjj.shangwendada.co",
    "zlkhtjsc.shangwendada.co",
    "zxt.shangwendada.co",
    "zm.shangwendada.co",
    "zunyi.shangwendada.co",
    "zuiyi.shangwendada.co",
    "zp.shangwendada.co",
    "zs.shangwendada.co",
    "zy.shangwendada.co",
    "zmd.shangwendada.co",
    "zz.shangwendada.co",
    "zq.shangwendada.co",
    "zw.shangwendada.co",
    "zzz.shangwendada.co"
]